{"/app/src/constants.ts": {"path":"/app/src/constants.ts","statementMap":{"0":{"start":{"line":4,"column":32},"end":{"line":4,"column":null}},"1":{"start":{"line":5,"column":35},"end":{"line":5,"column":null}},"2":{"start":{"line":6,"column":35},"end":{"line":6,"column":null}},"3":{"start":{"line":7,"column":34},"end":{"line":7,"column":null}},"4":{"start":{"line":8,"column":40},"end":{"line":8,"column":null}},"5":{"start":{"line":11,"column":31},"end":{"line":11,"column":null}},"6":{"start":{"line":14,"column":32},"end":{"line":14,"column":null}},"7":{"start":{"line":15,"column":29},"end":{"line":15,"column":null}},"8":{"start":{"line":16,"column":27},"end":{"line":16,"column":null}},"9":{"start":{"line":17,"column":40},"end":{"line":17,"column":null}},"10":{"start":{"line":18,"column":31},"end":{"line":18,"column":null}},"11":{"start":{"line":19,"column":39},"end":{"line":19,"column":null}},"12":{"start":{"line":20,"column":39},"end":{"line":20,"column":null}},"13":{"start":{"line":21,"column":34},"end":{"line":21,"column":null}},"14":{"start":{"line":22,"column":34},"end":{"line":22,"column":null}},"15":{"start":{"line":23,"column":33},"end":{"line":23,"column":null}},"16":{"start":{"line":24,"column":33},"end":{"line":24,"column":null}},"17":{"start":{"line":27,"column":34},"end":{"line":27,"column":null}},"18":{"start":{"line":30,"column":35},"end":{"line":30,"column":null}},"19":{"start":{"line":31,"column":33},"end":{"line":31,"column":null}},"20":{"start":{"line":32,"column":36},"end":{"line":32,"column":null}},"21":{"start":{"line":33,"column":31},"end":{"line":33,"column":null}},"22":{"start":{"line":34,"column":41},"end":{"line":34,"column":null}},"23":{"start":{"line":37,"column":36},"end":{"line":37,"column":null}},"24":{"start":{"line":38,"column":39},"end":{"line":38,"column":null}},"25":{"start":{"line":39,"column":36},"end":{"line":39,"column":null}},"26":{"start":{"line":40,"column":40},"end":{"line":40,"column":null}},"27":{"start":{"line":41,"column":38},"end":{"line":41,"column":null}},"28":{"start":{"line":44,"column":38},"end":{"line":44,"column":null}},"29":{"start":{"line":45,"column":35},"end":{"line":45,"column":null}},"30":{"start":{"line":48,"column":35},"end":{"line":48,"column":null}},"31":{"start":{"line":49,"column":38},"end":{"line":49,"column":null}},"32":{"start":{"line":51,"column":27},"end":{"line":56,"column":null}},"33":{"start":{"line":58,"column":33},"end":{"line":83,"column":null}},"34":{"start":{"line":86,"column":37},"end":{"line":86,"column":null}},"35":{"start":{"line":87,"column":38},"end":{"line":87,"column":null}},"36":{"start":{"line":88,"column":39},"end":{"line":88,"column":null}},"37":{"start":{"line":89,"column":45},"end":{"line":89,"column":null}},"38":{"start":{"line":92,"column":38},"end":{"line":92,"column":null}},"39":{"start":{"line":93,"column":43},"end":{"line":93,"column":null}},"40":{"start":{"line":95,"column":34},"end":{"line":114,"column":null}},"41":{"start":{"line":117,"column":39},"end":{"line":122,"column":null}},"42":{"start":{"line":124,"column":34},"end":{"line":128,"column":null}},"43":{"start":{"line":131,"column":40},"end":{"line":135,"column":null}},"44":{"start":{"line":138,"column":28},"end":{"line":175,"column":null}},"45":{"start":{"line":178,"column":39},"end":{"line":183,"column":null}}},"fnMap":{},"branchMap":{},"s":{"0":23,"1":23,"2":23,"3":23,"4":23,"5":23,"6":23,"7":23,"8":23,"9":23,"10":23,"11":23,"12":23,"13":23,"14":23,"15":23,"16":23,"17":23,"18":23,"19":23,"20":23,"21":23,"22":23,"23":23,"24":23,"25":23,"26":23,"27":23,"28":23,"29":23,"30":23,"31":23,"32":23,"33":23,"34":23,"35":23,"36":23,"37":23,"38":23,"39":23,"40":23,"41":23,"42":23,"43":23,"44":23,"45":23},"f":{},"b":{},"meta":{"lastBranch":0,"lastFunction":0,"lastStatement":46,"seen":{"s:4:32:4:Infinity":0,"s:5:35:5:Infinity":1,"s:6:35:6:Infinity":2,"s:7:34:7:Infinity":3,"s:8:40:8:Infinity":4,"s:11:31:11:Infinity":5,"s:14:32:14:Infinity":6,"s:15:29:15:Infinity":7,"s:16:27:16:Infinity":8,"s:17:40:17:Infinity":9,"s:18:31:18:Infinity":10,"s:19:39:19:Infinity":11,"s:20:39:20:Infinity":12,"s:21:34:21:Infinity":13,"s:22:34:22:Infinity":14,"s:23:33:23:Infinity":15,"s:24:33:24:Infinity":16,"s:27:34:27:Infinity":17,"s:30:35:30:Infinity":18,"s:31:33:31:Infinity":19,"s:32:36:32:Infinity":20,"s:33:31:33:Infinity":21,"s:34:41:34:Infinity":22,"s:37:36:37:Infinity":23,"s:38:39:38:Infinity":24,"s:39:36:39:Infinity":25,"s:40:40:40:Infinity":26,"s:41:38:41:Infinity":27,"s:44:38:44:Infinity":28,"s:45:35:45:Infinity":29,"s:48:35:48:Infinity":30,"s:49:38:49:Infinity":31,"s:51:27:56:Infinity":32,"s:58:33:83:Infinity":33,"s:86:37:86:Infinity":34,"s:87:38:87:Infinity":35,"s:88:39:88:Infinity":36,"s:89:45:89:Infinity":37,"s:92:38:92:Infinity":38,"s:93:43:93:Infinity":39,"s:95:34:114:Infinity":40,"s:117:39:122:Infinity":41,"s:124:34:128:Infinity":42,"s:131:40:135:Infinity":43,"s:138:28:175:Infinity":44,"s:178:39:183:Infinity":45}}}
,"/app/src/content.json": {"path":"/app/src/content.json","statementMap":{},"fnMap":{},"branchMap":{},"s":{},"f":{},"b":{},"meta":{"lastBranch":0,"lastFunction":0,"lastStatement":0,"seen":{}}}
,"/app/src/components/Atmosphere.tsx": {"path":"/app/src/components/Atmosphere.tsx","statementMap":{"0":{"start":{"line":19,"column":26},"end":{"line":118,"column":null}},"1":{"start":{"line":20,"column":29},"end":{"line":20,"column":null}},"2":{"start":{"line":21,"column":16},"end":{"line":21,"column":null}},"3":{"start":{"line":24,"column":8},"end":{"line":24,"column":null}},"4":{"start":{"line":25,"column":8},"end":{"line":25,"column":null}},"5":{"start":{"line":28,"column":8},"end":{"line":28,"column":null}},"6":{"start":{"line":31,"column":2},"end":{"line":35,"column":null}},"7":{"start":{"line":32,"column":4},"end":{"line":32,"column":null}},"8":{"start":{"line":33,"column":21},"end":{"line":33,"column":null}},"9":{"start":{"line":34,"column":4},"end":{"line":34,"column":null}},"10":{"start":{"line":34,"column":17},"end":{"line":34,"column":null}},"11":{"start":{"line":38,"column":23},"end":{"line":38,"column":null}},"12":{"start":{"line":41,"column":22},"end":{"line":41,"column":null}},"13":{"start":{"line":42,"column":24},"end":{"line":42,"column":null}},"14":{"start":{"line":44,"column":2},"end":{"line":107,"column":null}},"15":{"start":{"line":45,"column":4},"end":{"line":45,"column":null}},"16":{"start":{"line":45,"column":58},"end":{"line":45,"column":null}},"17":{"start":{"line":47,"column":19},"end":{"line":47,"column":null}},"18":{"start":{"line":48,"column":27},"end":{"line":48,"column":null}},"19":{"start":{"line":49,"column":27},"end":{"line":49,"column":null}},"20":{"start":{"line":53,"column":32},"end":{"line":58,"column":null}},"21":{"start":{"line":61,"column":4},"end":{"line":65,"column":null}},"22":{"start":{"line":68,"column":24},"end":{"line":68,"column":null}},"23":{"start":{"line":69,"column":27},"end":{"line":69,"column":null}},"24":{"start":{"line":71,"column":22},"end":{"line":71,"column":null}},"25":{"start":{"line":73,"column":4},"end":{"line":73,"column":null}},"26":{"start":{"line":74,"column":4},"end":{"line":74,"column":null}},"27":{"start":{"line":76,"column":4},"end":{"line":76,"column":null}},"28":{"start":{"line":77,"column":4},"end":{"line":77,"column":null}},"29":{"start":{"line":80,"column":4},"end":{"line":85,"column":null}},"30":{"start":{"line":81,"column":6},"end":{"line":81,"column":null}},"31":{"start":{"line":84,"column":6},"end":{"line":84,"column":null}},"32":{"start":{"line":88,"column":20},"end":{"line":88,"column":null}},"33":{"start":{"line":89,"column":29},"end":{"line":89,"column":null}},"34":{"start":{"line":91,"column":4},"end":{"line":106,"column":null}},"35":{"start":{"line":92,"column":6},"end":{"line":92,"column":null}},"36":{"start":{"line":94,"column":6},"end":{"line":98,"column":null}},"37":{"start":{"line":102,"column":6},"end":{"line":105,"column":null}},"38":{"start":{"line":109,"column":2},"end":{"line":116,"column":null}}},"fnMap":{"0":{"name":"(anonymous_0)","decl":{"start":{"line":19,"column":26},"end":{"line":19,"column":32}},"loc":{"start":{"line":19,"column":32},"end":{"line":118,"column":null}},"line":19},"1":{"name":"(anonymous_1)","decl":{"start":{"line":31,"column":12},"end":{"line":31,"column":18}},"loc":{"start":{"line":31,"column":18},"end":{"line":35,"column":5}},"line":31},"2":{"name":"(anonymous_2)","decl":{"start":{"line":34,"column":11},"end":{"line":34,"column":17}},"loc":{"start":{"line":34,"column":17},"end":{"line":34,"column":null}},"line":34},"3":{"name":"(anonymous_3)","decl":{"start":{"line":44,"column":11},"end":{"line":44,"column":17}},"loc":{"start":{"line":44,"column":17},"end":{"line":107,"column":3}},"line":44}},"branchMap":{"0":{"loc":{"start":{"line":45,"column":4},"end":{"line":45,"column":null}},"type":"if","locations":[{"start":{"line":45,"column":4},"end":{"line":45,"column":null}},{"start":{},"end":{}}],"line":45},"1":{"loc":{"start":{"line":45,"column":8},"end":{"line":45,"column":58}},"type":"binary-expr","locations":[{"start":{"line":45,"column":8},"end":{"line":45,"column":36}},{"start":{"line":45,"column":36},"end":{"line":45,"column":58}}],"line":45},"2":{"loc":{"start":{"line":71,"column":22},"end":{"line":71,"column":null}},"type":"cond-expr","locations":[{"start":{"line":71,"column":40},"end":{"line":71,"column":67}},{"start":{"line":71,"column":67},"end":{"line":71,"column":null}}],"line":71},"3":{"loc":{"start":{"line":80,"column":4},"end":{"line":85,"column":null}},"type":"if","locations":[{"start":{"line":80,"column":4},"end":{"line":85,"column":null}},{"start":{"line":82,"column":11},"end":{"line":85,"column":null}}],"line":80},"4":{"loc":{"start":{"line":91,"column":4},"end":{"line":106,"column":null}},"type":"if","locations":[{"start":{"line":91,"column":4},"end":{"line":106,"column":null}},{"start":{"line":99,"column":11},"end":{"line":106,"column":null}}],"line":91}},"s":{"0":1,"1":2,"2":2,"3":2,"4":2,"5":2,"6":2,"7":1,"8":1,"9":1,"10":0,"11":2,"12":2,"13":2,"14":2,"15":300,"16":0,"17":300,"18":300,"19":300,"20":300,"21":300,"22":300,"23":300,"24":300,"25":300,"26":300,"27":300,"28":300,"29":300,"30":299,"31":1,"32":300,"33":300,"34":300,"35":299,"36":299,"37":1,"38":2},"f":{"0":2,"1":1,"2":0,"3":300},"b":{"0":[0,300],"1":[300,300],"2":[0,300],"3":[299,1],"4":[299,1]},"meta":{"lastBranch":5,"lastFunction":4,"lastStatement":39,"seen":{"s:19:26:118:Infinity":0,"f:19:26:19:32":0,"s:20:29:20:Infinity":1,"s:21:16:21:Infinity":2,"s:24:8:24:Infinity":3,"s:25:8:25:Infinity":4,"s:28:8:28:Infinity":5,"s:31:2:35:Infinity":6,"f:31:12:31:18":1,"s:32:4:32:Infinity":7,"s:33:21:33:Infinity":8,"s:34:4:34:Infinity":9,"f:34:11:34:17":2,"s:34:17:34:Infinity":10,"s:38:23:38:Infinity":11,"s:41:22:41:Infinity":12,"s:42:24:42:Infinity":13,"s:44:2:107:Infinity":14,"f:44:11:44:17":3,"b:45:4:45:Infinity:undefined:undefined:undefined:undefined":0,"s:45:4:45:Infinity":15,"b:45:8:45:36:45:36:45:58":1,"s:45:58:45:Infinity":16,"s:47:19:47:Infinity":17,"s:48:27:48:Infinity":18,"s:49:27:49:Infinity":19,"s:53:32:58:Infinity":20,"s:61:4:65:Infinity":21,"s:68:24:68:Infinity":22,"s:69:27:69:Infinity":23,"s:71:22:71:Infinity":24,"b:71:40:71:67:71:67:71:Infinity":2,"s:73:4:73:Infinity":25,"s:74:4:74:Infinity":26,"s:76:4:76:Infinity":27,"s:77:4:77:Infinity":28,"b:80:4:85:Infinity:82:11:85:Infinity":3,"s:80:4:85:Infinity":29,"s:81:6:81:Infinity":30,"s:84:6:84:Infinity":31,"s:88:20:88:Infinity":32,"s:89:29:89:Infinity":33,"b:91:4:106:Infinity:99:11:106:Infinity":4,"s:91:4:106:Infinity":34,"s:92:6:92:Infinity":35,"s:94:6:98:Infinity":36,"s:102:6:105:Infinity":37,"s:109:2:116:Infinity":38}}}
,"/app/src/components/BloomSystem.tsx": {"path":"/app/src/components/BloomSystem.tsx","statementMap":{"0":{"start":{"line":10,"column":27},"end":{"line":44,"column":null}},"1":{"start":{"line":11,"column":8},"end":{"line":11,"column":null}},"2":{"start":{"line":12,"column":8},"end":{"line":12,"column":null}},"3":{"start":{"line":14,"column":2},"end":{"line":41,"column":null}},"4":{"start":{"line":15,"column":34},"end":{"line":15,"column":null}},"5":{"start":{"line":16,"column":30},"end":{"line":16,"column":null}},"6":{"start":{"line":17,"column":48},"end":{"line":17,"column":null}},"7":{"start":{"line":20,"column":4},"end":{"line":23,"column":null}},"8":{"start":{"line":21,"column":6},"end":{"line":21,"column":null}},"9":{"start":{"line":22,"column":6},"end":{"line":22,"column":null}},"10":{"start":{"line":26,"column":4},"end":{"line":40,"column":null}},"11":{"start":{"line":28,"column":6},"end":{"line":33,"column":null}},"12":{"start":{"line":29,"column":8},"end":{"line":29,"column":null}},"13":{"start":{"line":32,"column":8},"end":{"line":32,"column":null}},"14":{"start":{"line":36,"column":6},"end":{"line":39,"column":null}},"15":{"start":{"line":37,"column":8},"end":{"line":37,"column":null}},"16":{"start":{"line":38,"column":8},"end":{"line":38,"column":null}},"17":{"start":{"line":43,"column":2},"end":{"line":43,"column":null}}},"fnMap":{"0":{"name":"(anonymous_0)","decl":{"start":{"line":10,"column":27},"end":{"line":10,"column":33}},"loc":{"start":{"line":10,"column":33},"end":{"line":44,"column":null}},"line":10},"1":{"name":"(anonymous_1)","decl":{"start":{"line":14,"column":11},"end":{"line":14,"column":12}},"loc":{"start":{"line":14,"column":25},"end":{"line":41,"column":3}},"line":14}},"branchMap":{"0":{"loc":{"start":{"line":20,"column":4},"end":{"line":23,"column":null}},"type":"if","locations":[{"start":{"line":20,"column":4},"end":{"line":23,"column":null}},{"start":{},"end":{}}],"line":20},"1":{"loc":{"start":{"line":26,"column":4},"end":{"line":40,"column":null}},"type":"if","locations":[{"start":{"line":26,"column":4},"end":{"line":40,"column":null}},{"start":{},"end":{}}],"line":26},"2":{"loc":{"start":{"line":26,"column":8},"end":{"line":26,"column":70}},"type":"binary-expr","locations":[{"start":{"line":26,"column":8},"end":{"line":26,"column":29}},{"start":{"line":26,"column":29},"end":{"line":26,"column":70}}],"line":26},"3":{"loc":{"start":{"line":28,"column":6},"end":{"line":33,"column":null}},"type":"if","locations":[{"start":{"line":28,"column":6},"end":{"line":33,"column":null}},{"start":{"line":30,"column":13},"end":{"line":33,"column":null}}],"line":28},"4":{"loc":{"start":{"line":36,"column":6},"end":{"line":39,"column":null}},"type":"if","locations":[{"start":{"line":36,"column":6},"end":{"line":39,"column":null}},{"start":{},"end":{}}],"line":36}},"s":{"0":1,"1":3,"2":3,"3":3,"4":7,"5":7,"6":7,"7":7,"8":4,"9":4,"10":7,"11":7,"12":5,"13":2,"14":7,"15":2,"16":2,"17":3},"f":{"0":3,"1":7},"b":{"0":[4,3],"1":[7,0],"2":[7,7],"3":[5,2],"4":[2,5]},"meta":{"lastBranch":5,"lastFunction":2,"lastStatement":18,"seen":{"s:10:27:44:Infinity":0,"f:10:27:10:33":0,"s:11:8:11:Infinity":1,"s:12:8:12:Infinity":2,"s:14:2:41:Infinity":3,"f:14:11:14:12":1,"s:15:34:15:Infinity":4,"s:16:30:16:Infinity":5,"s:17:48:17:Infinity":6,"b:20:4:23:Infinity:undefined:undefined:undefined:undefined":0,"s:20:4:23:Infinity":7,"s:21:6:21:Infinity":8,"s:22:6:22:Infinity":9,"b:26:4:40:Infinity:undefined:undefined:undefined:undefined":1,"s:26:4:40:Infinity":10,"b:26:8:26:29:26:29:26:70":2,"b:28:6:33:Infinity:30:13:33:Infinity":3,"s:28:6:33:Infinity":11,"s:29:8:29:Infinity":12,"s:32:8:32:Infinity":13,"b:36:6:39:Infinity:undefined:undefined:undefined:undefined":4,"s:36:6:39:Infinity":14,"s:37:8:37:Infinity":15,"s:38:8:38:Infinity":16,"s:43:2:43:Infinity":17}}}
,"/app/src/components/CameraManager.tsx": {"path":"/app/src/components/CameraManager.tsx","statementMap":{"0":{"start":{"line":18,"column":29},"end":{"line":90,"column":null}},"1":{"start":{"line":25,"column":2},"end":{"line":25,"column":null}},"2":{"start":{"line":26,"column":8},"end":{"line":26,"column":null}},"3":{"start":{"line":28,"column":2},"end":{"line":87,"column":null}},"4":{"start":{"line":30,"column":4},"end":{"line":34,"column":null}},"5":{"start":{"line":31,"column":6},"end":{"line":31,"column":null}},"6":{"start":{"line":33,"column":6},"end":{"line":33,"column":null}},"7":{"start":{"line":38,"column":4},"end":{"line":63,"column":null}},"8":{"start":{"line":39,"column":6},"end":{"line":39,"column":null}},"9":{"start":{"line":41,"column":24},"end":{"line":41,"column":null}},"10":{"start":{"line":42,"column":44},"end":{"line":42,"column":null}},"11":{"start":{"line":44,"column":6},"end":{"line":50,"column":null}},"12":{"start":{"line":45,"column":21},"end":{"line":45,"column":null}},"13":{"start":{"line":46,"column":8},"end":{"line":49,"column":null}},"14":{"start":{"line":47,"column":10},"end":{"line":47,"column":null}},"15":{"start":{"line":48,"column":10},"end":{"line":48,"column":null}},"16":{"start":{"line":52,"column":6},"end":{"line":62,"column":null}},"17":{"start":{"line":54,"column":8},"end":{"line":56,"column":null}},"18":{"start":{"line":55,"column":10},"end":{"line":55,"column":null}},"19":{"start":{"line":59,"column":8},"end":{"line":61,"column":null}},"20":{"start":{"line":60,"column":10},"end":{"line":60,"column":null}},"21":{"start":{"line":66,"column":4},"end":{"line":66,"column":null}},"22":{"start":{"line":66,"column":23},"end":{"line":66,"column":null}},"23":{"start":{"line":68,"column":14},"end":{"line":68,"column":null}},"24":{"start":{"line":71,"column":4},"end":{"line":74,"column":null}},"25":{"start":{"line":72,"column":6},"end":{"line":72,"column":null}},"26":{"start":{"line":73,"column":6},"end":{"line":73,"column":null}},"27":{"start":{"line":77,"column":23},"end":{"line":77,"column":null}},"28":{"start":{"line":78,"column":23},"end":{"line":78,"column":null}},"29":{"start":{"line":81,"column":22},"end":{"line":81,"column":null}},"30":{"start":{"line":82,"column":22},"end":{"line":82,"column":null}},"31":{"start":{"line":84,"column":4},"end":{"line":84,"column":null}},"32":{"start":{"line":85,"column":4},"end":{"line":85,"column":null}},"33":{"start":{"line":86,"column":4},"end":{"line":86,"column":null}},"34":{"start":{"line":89,"column":2},"end":{"line":89,"column":null}}},"fnMap":{"0":{"name":"(anonymous_0)","decl":{"start":{"line":18,"column":29},"end":{"line":18,"column":30}},"loc":{"start":{"line":18,"column":91},"end":{"line":90,"column":null}},"line":18},"1":{"name":"(anonymous_1)","decl":{"start":{"line":28,"column":11},"end":{"line":28,"column":12}},"loc":{"start":{"line":28,"column":22},"end":{"line":87,"column":3}},"line":28}},"branchMap":{"0":{"loc":{"start":{"line":30,"column":4},"end":{"line":34,"column":null}},"type":"if","locations":[{"start":{"line":30,"column":4},"end":{"line":34,"column":null}},{"start":{"line":32,"column":11},"end":{"line":34,"column":null}}],"line":30},"1":{"loc":{"start":{"line":38,"column":4},"end":{"line":63,"column":null}},"type":"if","locations":[{"start":{"line":38,"column":4},"end":{"line":63,"column":null}},{"start":{},"end":{}}],"line":38},"2":{"loc":{"start":{"line":38,"column":8},"end":{"line":38,"column":131}},"type":"binary-expr","locations":[{"start":{"line":38,"column":8},"end":{"line":38,"column":43}},{"start":{"line":38,"column":43},"end":{"line":38,"column":131}}],"line":38},"3":{"loc":{"start":{"line":46,"column":8},"end":{"line":49,"column":null}},"type":"if","locations":[{"start":{"line":46,"column":8},"end":{"line":49,"column":null}},{"start":{},"end":{}}],"line":46},"4":{"loc":{"start":{"line":52,"column":6},"end":{"line":62,"column":null}},"type":"if","locations":[{"start":{"line":52,"column":6},"end":{"line":62,"column":null}},{"start":{"line":57,"column":13},"end":{"line":62,"column":null}}],"line":52},"5":{"loc":{"start":{"line":52,"column":10},"end":{"line":52,"column":56}},"type":"binary-expr","locations":[{"start":{"line":52,"column":10},"end":{"line":52,"column":25}},{"start":{"line":52,"column":25},"end":{"line":52,"column":56}}],"line":52},"6":{"loc":{"start":{"line":54,"column":8},"end":{"line":56,"column":null}},"type":"if","locations":[{"start":{"line":54,"column":8},"end":{"line":56,"column":null}},{"start":{},"end":{}}],"line":54},"7":{"loc":{"start":{"line":59,"column":8},"end":{"line":61,"column":null}},"type":"if","locations":[{"start":{"line":59,"column":8},"end":{"line":61,"column":null}},{"start":{},"end":{}}],"line":59},"8":{"loc":{"start":{"line":66,"column":4},"end":{"line":66,"column":null}},"type":"if","locations":[{"start":{"line":66,"column":4},"end":{"line":66,"column":null}},{"start":{},"end":{}}],"line":66},"9":{"loc":{"start":{"line":71,"column":4},"end":{"line":74,"column":null}},"type":"if","locations":[{"start":{"line":71,"column":4},"end":{"line":74,"column":null}},{"start":{},"end":{}}],"line":71}},"s":{"0":1,"1":4,"2":4,"3":4,"4":122,"5":0,"6":122,"7":122,"8":93,"9":93,"10":93,"11":93,"12":186,"13":186,"14":121,"15":121,"16":93,"17":45,"18":14,"19":48,"20":48,"21":122,"22":0,"23":122,"24":122,"25":0,"26":0,"27":122,"28":122,"29":122,"30":122,"31":122,"32":122,"33":122,"34":4},"f":{"0":4,"1":122},"b":{"0":[0,122],"1":[93,29],"2":[122,120],"3":[121,65],"4":[45,48],"5":[93,93],"6":[14,31],"7":[48,0],"8":[0,122],"9":[0,122]},"meta":{"lastBranch":10,"lastFunction":2,"lastStatement":35,"seen":{"s:18:29:90:Infinity":0,"f:18:29:18:30":0,"s:25:2:25:Infinity":1,"s:26:8:26:Infinity":2,"s:28:2:87:Infinity":3,"f:28:11:28:12":1,"b:30:4:34:Infinity:32:11:34:Infinity":0,"s:30:4:34:Infinity":4,"s:31:6:31:Infinity":5,"s:33:6:33:Infinity":6,"b:38:4:63:Infinity:undefined:undefined:undefined:undefined":1,"s:38:4:63:Infinity":7,"b:38:8:38:43:38:43:38:131":2,"s:39:6:39:Infinity":8,"s:41:24:41:Infinity":9,"s:42:44:42:Infinity":10,"s:44:6:50:Infinity":11,"s:45:21:45:Infinity":12,"b:46:8:49:Infinity:undefined:undefined:undefined:undefined":3,"s:46:8:49:Infinity":13,"s:47:10:47:Infinity":14,"s:48:10:48:Infinity":15,"b:52:6:62:Infinity:57:13:62:Infinity":4,"s:52:6:62:Infinity":16,"b:52:10:52:25:52:25:52:56":5,"b:54:8:56:Infinity:undefined:undefined:undefined:undefined":6,"s:54:8:56:Infinity":17,"s:55:10:55:Infinity":18,"b:59:8:61:Infinity:undefined:undefined:undefined:undefined":7,"s:59:8:61:Infinity":19,"s:60:10:60:Infinity":20,"b:66:4:66:Infinity:undefined:undefined:undefined:undefined":8,"s:66:4:66:Infinity":21,"s:66:23:66:Infinity":22,"s:68:14:68:Infinity":23,"b:71:4:74:Infinity:undefined:undefined:undefined:undefined":9,"s:71:4:74:Infinity":24,"s:72:6:72:Infinity":25,"s:73:6:73:Infinity":26,"s:77:23:77:Infinity":27,"s:78:23:78:Infinity":28,"s:81:22:81:Infinity":29,"s:82:22:82:Infinity":30,"s:84:4:84:Infinity":31,"s:85:4:85:Infinity":32,"s:86:4:86:Infinity":33,"s:89:2:89:Infinity":34}}}
,"/app/src/components/Destination.tsx": {"path":"/app/src/components/Destination.tsx","statementMap":{"0":{"start":{"line":15,"column":27},"end":{"line":119,"column":null}},"1":{"start":{"line":21,"column":2},"end":{"line":21,"column":null}},"2":{"start":{"line":22,"column":30},"end":{"line":22,"column":null}},"3":{"start":{"line":23,"column":16},"end":{"line":23,"column":null}},"4":{"start":{"line":24,"column":8},"end":{"line":24,"column":null}},"5":{"start":{"line":26,"column":21},"end":{"line":26,"column":null}},"6":{"start":{"line":29,"column":2},"end":{"line":41,"column":null}},"7":{"start":{"line":31,"column":4},"end":{"line":36,"column":null}},"8":{"start":{"line":38,"column":4},"end":{"line":40,"column":null}},"9":{"start":{"line":39,"column":6},"end":{"line":39,"column":null}},"10":{"start":{"line":43,"column":2},"end":{"line":48,"column":null}},"11":{"start":{"line":44,"column":4},"end":{"line":47,"column":null}},"12":{"start":{"line":45,"column":6},"end":{"line":45,"column":null}},"13":{"start":{"line":46,"column":6},"end":{"line":46,"column":null}},"14":{"start":{"line":50,"column":33},"end":{"line":53,"column":null}},"15":{"start":{"line":52,"column":4},"end":{"line":52,"column":null}},"16":{"start":{"line":55,"column":20},"end":{"line":55,"column":null}},"17":{"start":{"line":57,"column":2},"end":{"line":69,"column":null}},"18":{"start":{"line":58,"column":4},"end":{"line":68,"column":null}},"19":{"start":{"line":59,"column":21},"end":{"line":59,"column":null}},"20":{"start":{"line":60,"column":29},"end":{"line":60,"column":null}},"21":{"start":{"line":61,"column":29},"end":{"line":61,"column":null}},"22":{"start":{"line":63,"column":20},"end":{"line":63,"column":null}},"23":{"start":{"line":64,"column":6},"end":{"line":64,"column":null}},"24":{"start":{"line":65,"column":4},"end":{"line":68,"column":null}},"25":{"start":{"line":67,"column":6},"end":{"line":67,"column":null}},"26":{"start":{"line":71,"column":2},"end":{"line":117,"column":null}},"27":{"start":{"line":75,"column":24},"end":{"line":75,"column":null}},"28":{"start":{"line":80,"column":29},"end":{"line":80,"column":null}},"29":{"start":{"line":81,"column":28},"end":{"line":81,"column":null}}},"fnMap":{"0":{"name":"(anonymous_0)","decl":{"start":{"line":15,"column":27},"end":{"line":15,"column":28}},"loc":{"start":{"line":15,"column":82},"end":{"line":119,"column":null}},"line":15},"1":{"name":"(anonymous_1)","decl":{"start":{"line":29,"column":12},"end":{"line":29,"column":18}},"loc":{"start":{"line":29,"column":18},"end":{"line":41,"column":5}},"line":29},"2":{"name":"(anonymous_2)","decl":{"start":{"line":38,"column":11},"end":{"line":38,"column":17}},"loc":{"start":{"line":38,"column":17},"end":{"line":40,"column":null}},"line":38},"3":{"name":"(anonymous_3)","decl":{"start":{"line":43,"column":12},"end":{"line":43,"column":18}},"loc":{"start":{"line":43,"column":18},"end":{"line":48,"column":5}},"line":43},"4":{"name":"(anonymous_4)","decl":{"start":{"line":50,"column":33},"end":{"line":50,"column":34}},"loc":{"start":{"line":50,"column":67},"end":{"line":53,"column":null}},"line":50},"5":{"name":"(anonymous_5)","decl":{"start":{"line":57,"column":11},"end":{"line":57,"column":12}},"loc":{"start":{"line":57,"column":26},"end":{"line":69,"column":3}},"line":57},"6":{"name":"(anonymous_6)","decl":{"start":{"line":75,"column":18},"end":{"line":75,"column":24}},"loc":{"start":{"line":75,"column":24},"end":{"line":75,"column":null}},"line":75},"7":{"name":"(anonymous_7)","decl":{"start":{"line":80,"column":23},"end":{"line":80,"column":29}},"loc":{"start":{"line":80,"column":29},"end":{"line":80,"column":null}},"line":80},"8":{"name":"(anonymous_8)","decl":{"start":{"line":81,"column":22},"end":{"line":81,"column":28}},"loc":{"start":{"line":81,"column":28},"end":{"line":81,"column":null}},"line":81}},"branchMap":{"0":{"loc":{"start":{"line":44,"column":4},"end":{"line":47,"column":null}},"type":"if","locations":[{"start":{"line":44,"column":4},"end":{"line":47,"column":null}},{"start":{},"end":{}}],"line":44},"1":{"loc":{"start":{"line":55,"column":20},"end":{"line":55,"column":null}},"type":"binary-expr","locations":[{"start":{"line":55,"column":20},"end":{"line":55,"column":29}},{"start":{"line":55,"column":29},"end":{"line":55,"column":null}}],"line":55},"2":{"loc":{"start":{"line":58,"column":4},"end":{"line":68,"column":null}},"type":"if","locations":[{"start":{"line":58,"column":4},"end":{"line":68,"column":null}},{"start":{"line":65,"column":4},"end":{"line":68,"column":null}}],"line":58},"3":{"loc":{"start":{"line":58,"column":8},"end":{"line":58,"column":38}},"type":"binary-expr","locations":[{"start":{"line":58,"column":8},"end":{"line":58,"column":27}},{"start":{"line":58,"column":27},"end":{"line":58,"column":38}}],"line":58},"4":{"loc":{"start":{"line":65,"column":4},"end":{"line":68,"column":null}},"type":"if","locations":[{"start":{"line":65,"column":4},"end":{"line":68,"column":null}},{"start":{},"end":{}}],"line":65},"5":{"loc":{"start":{"line":83,"column":9},"end":{"line":109,"column":null}},"type":"cond-expr","locations":[{"start":{"line":84,"column":10},"end":{"line":86,"column":null}},{"start":{"line":88,"column":10},"end":{"line":109,"column":null}}],"line":83},"6":{"loc":{"start":{"line":89,"column":14},"end":{"line":92,"column":null}},"type":"binary-expr","locations":[{"start":{"line":89,"column":14},"end":{"line":89,"column":36}},{"start":{"line":89,"column":36},"end":{"line":89,"column":null}},{"start":{"line":90,"column":14},"end":{"line":92,"column":null}}],"line":89},"7":{"loc":{"start":{"line":94,"column":13},"end":{"line":97,"column":null}},"type":"binary-expr","locations":[{"start":{"line":94,"column":13},"end":{"line":94,"column":null}},{"start":{"line":95,"column":14},"end":{"line":97,"column":null}}],"line":94},"8":{"loc":{"start":{"line":99,"column":13},"end":{"line":102,"column":null}},"type":"binary-expr","locations":[{"start":{"line":99,"column":13},"end":{"line":99,"column":null}},{"start":{"line":100,"column":14},"end":{"line":102,"column":null}}],"line":99},"9":{"loc":{"start":{"line":104,"column":13},"end":{"line":107,"column":null}},"type":"binary-expr","locations":[{"start":{"line":104,"column":13},"end":{"line":104,"column":null}},{"start":{"line":105,"column":14},"end":{"line":107,"column":null}}],"line":104},"10":{"loc":{"start":{"line":111,"column":9},"end":{"line":114,"column":null}},"type":"binary-expr","locations":[{"start":{"line":111,"column":9},"end":{"line":111,"column":null}},{"start":{"line":112,"column":10},"end":{"line":114,"column":null}}],"line":111}},"s":{"0":1,"1":2,"2":2,"3":2,"4":2,"5":2,"6":2,"7":2,"8":2,"9":0,"10":2,"11":2,"12":0,"13":0,"14":2,"15":0,"16":2,"17":2,"18":0,"19":0,"20":0,"21":0,"22":0,"23":0,"24":0,"25":0,"26":2,"27":0,"28":0,"29":0},"f":{"0":2,"1":2,"2":0,"3":2,"4":0,"5":0,"6":0,"7":0,"8":0},"b":{"0":[0,2],"1":[2,2],"2":[0,0],"3":[0,0],"4":[0,0],"5":[1,1],"6":[1,0,1],"7":[1,0],"8":[1,0],"9":[1,0],"10":[2,0]},"meta":{"lastBranch":11,"lastFunction":9,"lastStatement":30,"seen":{"s:15:27:119:Infinity":0,"f:15:27:15:28":0,"s:21:2:21:Infinity":1,"s:22:30:22:Infinity":2,"s:23:16:23:Infinity":3,"s:24:8:24:Infinity":4,"s:26:21:26:Infinity":5,"s:29:2:41:Infinity":6,"f:29:12:29:18":1,"s:31:4:36:Infinity":7,"s:38:4:40:Infinity":8,"f:38:11:38:17":2,"s:39:6:39:Infinity":9,"s:43:2:48:Infinity":10,"f:43:12:43:18":3,"b:44:4:47:Infinity:undefined:undefined:undefined:undefined":0,"s:44:4:47:Infinity":11,"s:45:6:45:Infinity":12,"s:46:6:46:Infinity":13,"s:50:33:53:Infinity":14,"f:50:33:50:34":4,"s:52:4:52:Infinity":15,"s:55:20:55:Infinity":16,"b:55:20:55:29:55:29:55:Infinity":1,"s:57:2:69:Infinity":17,"f:57:11:57:12":5,"b:58:4:68:Infinity:65:4:68:Infinity":2,"s:58:4:68:Infinity":18,"b:58:8:58:27:58:27:58:38":3,"s:59:21:59:Infinity":19,"s:60:29:60:Infinity":20,"s:61:29:61:Infinity":21,"s:63:20:63:Infinity":22,"s:64:6:64:Infinity":23,"b:65:4:68:Infinity:undefined:undefined:undefined:undefined":4,"s:65:4:68:Infinity":24,"s:67:6:67:Infinity":25,"s:71:2:117:Infinity":26,"f:75:18:75:24":6,"s:75:24:75:Infinity":27,"f:80:23:80:29":7,"s:80:29:80:Infinity":28,"f:81:22:81:28":8,"s:81:28:81:Infinity":29,"b:84:10:86:Infinity:88:10:109:Infinity":5,"b:89:14:89:36:89:36:89:Infinity:90:14:92:Infinity":6,"b:94:13:94:Infinity:95:14:97:Infinity":7,"b:99:13:99:Infinity:100:14:102:Infinity":8,"b:104:13:104:Infinity:105:14:107:Infinity":9,"b:111:9:111:Infinity:112:10:114:Infinity":10}}}
,"/app/src/components/DestinationDetails.css": {"path":"/app/src/components/DestinationDetails.css","statementMap":{},"fnMap":{},"branchMap":{},"s":{},"f":{},"b":{},"meta":{"lastBranch":0,"lastFunction":0,"lastStatement":0,"seen":{}}}
,"/app/src/components/DestinationDetails.tsx": {"path":"/app/src/components/DestinationDetails.tsx","statementMap":{"0":{"start":{"line":16,"column":34},"end":{"line":16,"column":null}},"1":{"start":{"line":18,"column":34},"end":{"line":55,"column":null}},"2":{"start":{"line":19,"column":68},"end":{"line":19,"column":null}},"3":{"start":{"line":20,"column":44},"end":{"line":20,"column":null}},"4":{"start":{"line":22,"column":2},"end":{"line":40,"column":null}},"5":{"start":{"line":23,"column":4},"end":{"line":39,"column":null}},"6":{"start":{"line":24,"column":33},"end":{"line":24,"column":null}},"7":{"start":{"line":25,"column":6},"end":{"line":36,"column":null}},"8":{"start":{"line":26,"column":22},"end":{"line":26,"column":null}},"9":{"start":{"line":27,"column":8},"end":{"line":33,"column":null}},"10":{"start":{"line":28,"column":32},"end":{"line":28,"column":null}},"11":{"start":{"line":30,"column":10},"end":{"line":30,"column":null}},"12":{"start":{"line":32,"column":10},"end":{"line":32,"column":null}},"13":{"start":{"line":35,"column":8},"end":{"line":35,"column":null}},"14":{"start":{"line":38,"column":6},"end":{"line":38,"column":null}},"15":{"start":{"line":42,"column":2},"end":{"line":42,"column":null}},"16":{"start":{"line":42,"column":33},"end":{"line":42,"column":null}},"17":{"start":{"line":44,"column":2},"end":{"line":53,"column":null}}},"fnMap":{"0":{"name":"(anonymous_0)","decl":{"start":{"line":18,"column":34},"end":{"line":18,"column":40}},"loc":{"start":{"line":18,"column":40},"end":{"line":55,"column":null}},"line":18},"1":{"name":"(anonymous_1)","decl":{"start":{"line":22,"column":12},"end":{"line":22,"column":18}},"loc":{"start":{"line":22,"column":18},"end":{"line":40,"column":5}},"line":22}},"branchMap":{"0":{"loc":{"start":{"line":23,"column":4},"end":{"line":39,"column":null}},"type":"if","locations":[{"start":{"line":23,"column":4},"end":{"line":39,"column":null}},{"start":{"line":37,"column":11},"end":{"line":39,"column":null}}],"line":23},"1":{"loc":{"start":{"line":25,"column":6},"end":{"line":36,"column":null}},"type":"if","locations":[{"start":{"line":25,"column":6},"end":{"line":36,"column":null}},{"start":{"line":34,"column":13},"end":{"line":36,"column":null}}],"line":25},"2":{"loc":{"start":{"line":26,"column":22},"end":{"line":26,"column":null}},"type":"binary-expr","locations":[{"start":{"line":26,"column":22},"end":{"line":26,"column":51}},{"start":{"line":26,"column":51},"end":{"line":26,"column":83}},{"start":{"line":26,"column":83},"end":{"line":26,"column":null}}],"line":26},"3":{"loc":{"start":{"line":27,"column":8},"end":{"line":33,"column":null}},"type":"if","locations":[{"start":{"line":27,"column":8},"end":{"line":33,"column":null}},{"start":{"line":31,"column":15},"end":{"line":33,"column":null}}],"line":27},"4":{"loc":{"start":{"line":42,"column":2},"end":{"line":42,"column":null}},"type":"if","locations":[{"start":{"line":42,"column":2},"end":{"line":42,"column":null}},{"start":{},"end":{}}],"line":42},"5":{"loc":{"start":{"line":46,"column":41},"end":{"line":46,"column":71}},"type":"cond-expr","locations":[{"start":{"line":46,"column":57},"end":{"line":46,"column":69}},{"start":{"line":46,"column":69},"end":{"line":46,"column":71}}],"line":46},"6":{"loc":{"start":{"line":49,"column":49},"end":{"line":49,"column":82}},"type":"cond-expr","locations":[{"start":{"line":49,"column":68},"end":{"line":49,"column":80}},{"start":{"line":49,"column":80},"end":{"line":49,"column":82}}],"line":49},"7":{"loc":{"start":{"line":51,"column":9},"end":{"line":51,"column":null}},"type":"binary-expr","locations":[{"start":{"line":51,"column":9},"end":{"line":51,"column":28}},{"start":{"line":51,"column":28},"end":{"line":51,"column":null}}],"line":51}},"s":{"0":1,"1":1,"2":5,"3":5,"4":5,"5":3,"6":2,"7":2,"8":0,"9":0,"10":0,"11":0,"12":0,"13":2,"14":1,"15":5,"16":1,"17":4},"f":{"0":5,"1":3},"b":{"0":[2,1],"1":[0,2],"2":[0,0,0],"3":[0,0],"4":[1,4],"5":[4,0],"6":[3,1],"7":[5,0]},"meta":{"lastBranch":8,"lastFunction":2,"lastStatement":18,"seen":{"s:16:34:16:Infinity":0,"s:18:34:55:Infinity":1,"f:18:34:18:40":0,"s:19:68:19:Infinity":2,"s:20:44:20:Infinity":3,"s:22:2:40:Infinity":4,"f:22:12:22:18":1,"b:23:4:39:Infinity:37:11:39:Infinity":0,"s:23:4:39:Infinity":5,"s:24:33:24:Infinity":6,"b:25:6:36:Infinity:34:13:36:Infinity":1,"s:25:6:36:Infinity":7,"s:26:22:26:Infinity":8,"b:26:22:26:51:26:51:26:83:26:83:26:Infinity":2,"b:27:8:33:Infinity:31:15:33:Infinity":3,"s:27:8:33:Infinity":9,"s:28:32:28:Infinity":10,"s:30:10:30:Infinity":11,"s:32:10:32:Infinity":12,"s:35:8:35:Infinity":13,"s:38:6:38:Infinity":14,"b:42:2:42:Infinity:undefined:undefined:undefined:undefined":4,"s:42:2:42:Infinity":15,"s:42:33:42:Infinity":16,"s:44:2:53:Infinity":17,"b:46:57:46:69:46:69:46:71":5,"b:49:68:49:80:49:80:49:82":6,"b:51:9:51:28:51:28:51:Infinity":7}}}
,"/app/src/components/EchoGenerator.tsx": {"path":"/app/src/components/EchoGenerator.tsx","statementMap":{"0":{"start":{"line":7,"column":28},"end":{"line":7,"column":null}},"1":{"start":{"line":8,"column":30},"end":{"line":8,"column":null}},"2":{"start":{"line":9,"column":21},"end":{"line":9,"column":null}},"3":{"start":{"line":10,"column":20},"end":{"line":10,"column":null}},"4":{"start":{"line":12,"column":29},"end":{"line":57,"column":null}},"5":{"start":{"line":13,"column":17},"end":{"line":13,"column":null}},"6":{"start":{"line":14,"column":8},"end":{"line":14,"column":null}},"7":{"start":{"line":14,"column":42},"end":{"line":14,"column":55}},"8":{"start":{"line":15,"column":8},"end":{"line":15,"column":null}},"9":{"start":{"line":15,"column":45},"end":{"line":15,"column":61}},"10":{"start":{"line":17,"column":2},"end":{"line":19,"column":null}},"11":{"start":{"line":18,"column":4},"end":{"line":18,"column":null}},"12":{"start":{"line":21,"column":8},"end":{"line":21,"column":null}},"13":{"start":{"line":23,"column":2},"end":{"line":54,"column":null}},"14":{"start":{"line":24,"column":19},"end":{"line":24,"column":null}},"15":{"start":{"line":26,"column":4},"end":{"line":30,"column":null}},"16":{"start":{"line":27,"column":6},"end":{"line":27,"column":null}},"17":{"start":{"line":29,"column":6},"end":{"line":29,"column":null}},"18":{"start":{"line":32,"column":4},"end":{"line":53,"column":null}},"19":{"start":{"line":33,"column":21},"end":{"line":33,"column":null}},"20":{"start":{"line":34,"column":25},"end":{"line":34,"column":null}},"21":{"start":{"line":36,"column":23},"end":{"line":36,"column":null}},"22":{"start":{"line":38,"column":19},"end":{"line":38,"column":null}},"23":{"start":{"line":39,"column":6},"end":{"line":44,"column":null}},"24":{"start":{"line":40,"column":24},"end":{"line":40,"column":null}},"25":{"start":{"line":41,"column":8},"end":{"line":43,"column":null}},"26":{"start":{"line":42,"column":10},"end":{"line":42,"column":null}},"27":{"start":{"line":46,"column":6},"end":{"line":52,"column":null}},"28":{"start":{"line":48,"column":8},"end":{"line":48,"column":null}},"29":{"start":{"line":51,"column":8},"end":{"line":51,"column":null}},"30":{"start":{"line":56,"column":2},"end":{"line":56,"column":null}}},"fnMap":{"0":{"name":"(anonymous_0)","decl":{"start":{"line":12,"column":29},"end":{"line":12,"column":35}},"loc":{"start":{"line":12,"column":35},"end":{"line":57,"column":null}},"line":12},"1":{"name":"(anonymous_1)","decl":{"start":{"line":14,"column":31},"end":{"line":14,"column":32}},"loc":{"start":{"line":14,"column":42},"end":{"line":14,"column":55}},"line":14},"2":{"name":"(anonymous_2)","decl":{"start":{"line":15,"column":34},"end":{"line":15,"column":35}},"loc":{"start":{"line":15,"column":45},"end":{"line":15,"column":61}},"line":15},"3":{"name":"(anonymous_3)","decl":{"start":{"line":17,"column":12},"end":{"line":17,"column":18}},"loc":{"start":{"line":17,"column":18},"end":{"line":19,"column":5}},"line":17},"4":{"name":"(anonymous_4)","decl":{"start":{"line":23,"column":11},"end":{"line":23,"column":12}},"loc":{"start":{"line":23,"column":25},"end":{"line":54,"column":3}},"line":23}},"branchMap":{"0":{"loc":{"start":{"line":26,"column":4},"end":{"line":30,"column":null}},"type":"if","locations":[{"start":{"line":26,"column":4},"end":{"line":30,"column":null}},{"start":{"line":28,"column":11},"end":{"line":30,"column":null}}],"line":26},"1":{"loc":{"start":{"line":32,"column":4},"end":{"line":53,"column":null}},"type":"if","locations":[{"start":{"line":32,"column":4},"end":{"line":53,"column":null}},{"start":{},"end":{}}],"line":32},"2":{"loc":{"start":{"line":39,"column":6},"end":{"line":44,"column":null}},"type":"if","locations":[{"start":{"line":39,"column":6},"end":{"line":44,"column":null}},{"start":{},"end":{}}],"line":39},"3":{"loc":{"start":{"line":41,"column":8},"end":{"line":43,"column":null}},"type":"if","locations":[{"start":{"line":41,"column":8},"end":{"line":43,"column":null}},{"start":{},"end":{}}],"line":41},"4":{"loc":{"start":{"line":46,"column":6},"end":{"line":52,"column":null}},"type":"if","locations":[{"start":{"line":46,"column":6},"end":{"line":52,"column":null}},{"start":{},"end":{}}],"line":46}},"s":{"0":1,"1":1,"2":1,"3":1,"4":1,"5":4,"6":4,"7":16,"8":4,"9":16,"10":4,"11":2,"12":4,"13":4,"14":105,"15":105,"16":105,"17":0,"18":105,"19":11,"20":11,"21":11,"22":11,"23":11,"24":9,"25":9,"26":9,"27":11,"28":2,"29":2,"30":4},"f":{"0":4,"1":16,"2":16,"3":2,"4":105},"b":{"0":[105,0],"1":[11,94],"2":[9,2],"3":[9,0],"4":[2,9]},"meta":{"lastBranch":5,"lastFunction":5,"lastStatement":31,"seen":{"s:7:28:7:Infinity":0,"s:8:30:8:Infinity":1,"s:9:21:9:Infinity":2,"s:10:20:10:Infinity":3,"s:12:29:57:Infinity":4,"f:12:29:12:35":0,"s:13:17:13:Infinity":5,"s:14:8:14:Infinity":6,"f:14:31:14:32":1,"s:14:42:14:55":7,"s:15:8:15:Infinity":8,"f:15:34:15:35":2,"s:15:45:15:61":9,"s:17:2:19:Infinity":10,"f:17:12:17:18":3,"s:18:4:18:Infinity":11,"s:21:8:21:Infinity":12,"s:23:2:54:Infinity":13,"f:23:11:23:12":4,"s:24:19:24:Infinity":14,"b:26:4:30:Infinity:28:11:30:Infinity":0,"s:26:4:30:Infinity":15,"s:27:6:27:Infinity":16,"s:29:6:29:Infinity":17,"b:32:4:53:Infinity:undefined:undefined:undefined:undefined":1,"s:32:4:53:Infinity":18,"s:33:21:33:Infinity":19,"s:34:25:34:Infinity":20,"s:36:23:36:Infinity":21,"s:38:19:38:Infinity":22,"b:39:6:44:Infinity:undefined:undefined:undefined:undefined":2,"s:39:6:44:Infinity":23,"s:40:24:40:Infinity":24,"b:41:8:43:Infinity:undefined:undefined:undefined:undefined":3,"s:41:8:43:Infinity":25,"s:42:10:42:Infinity":26,"b:46:6:52:Infinity:undefined:undefined:undefined:undefined":4,"s:46:6:52:Infinity":27,"s:48:8:48:Infinity":28,"s:51:8:51:Infinity":29,"s:56:2:56:Infinity":30}}}
,"/app/src/components/EntrainmentField.tsx": {"path":"/app/src/components/EntrainmentField.tsx","statementMap":{"0":{"start":{"line":7,"column":32},"end":{"line":49,"column":null}},"1":{"start":{"line":8,"column":17},"end":{"line":8,"column":null}},"2":{"start":{"line":9,"column":8},"end":{"line":9,"column":null}},"3":{"start":{"line":10,"column":8},"end":{"line":10,"column":null}},"4":{"start":{"line":12,"column":2},"end":{"line":22,"column":null}},"5":{"start":{"line":13,"column":17},"end":{"line":13,"column":null}},"6":{"start":{"line":14,"column":4},"end":{"line":16,"column":null}},"7":{"start":{"line":15,"column":6},"end":{"line":15,"column":null}},"8":{"start":{"line":17,"column":4},"end":{"line":21,"column":null}},"9":{"start":{"line":18,"column":6},"end":{"line":20,"column":null}},"10":{"start":{"line":19,"column":8},"end":{"line":19,"column":null}},"11":{"start":{"line":24,"column":2},"end":{"line":31,"column":null}},"12":{"start":{"line":25,"column":50},"end":{"line":25,"column":null}},"13":{"start":{"line":26,"column":4},"end":{"line":30,"column":null}},"14":{"start":{"line":29,"column":6},"end":{"line":29,"column":null}},"15":{"start":{"line":33,"column":2},"end":{"line":47,"column":null}}},"fnMap":{"0":{"name":"(anonymous_0)","decl":{"start":{"line":7,"column":32},"end":{"line":7,"column":38}},"loc":{"start":{"line":7,"column":38},"end":{"line":49,"column":null}},"line":7},"1":{"name":"(anonymous_1)","decl":{"start":{"line":12,"column":12},"end":{"line":12,"column":18}},"loc":{"start":{"line":12,"column":18},"end":{"line":22,"column":5}},"line":12},"2":{"name":"(anonymous_2)","decl":{"start":{"line":17,"column":11},"end":{"line":17,"column":17}},"loc":{"start":{"line":17,"column":17},"end":{"line":21,"column":null}},"line":17},"3":{"name":"(anonymous_3)","decl":{"start":{"line":24,"column":11},"end":{"line":24,"column":17}},"loc":{"start":{"line":24,"column":17},"end":{"line":31,"column":3}},"line":24}},"branchMap":{"0":{"loc":{"start":{"line":14,"column":4},"end":{"line":16,"column":null}},"type":"if","locations":[{"start":{"line":14,"column":4},"end":{"line":16,"column":null}},{"start":{},"end":{}}],"line":14},"1":{"loc":{"start":{"line":18,"column":6},"end":{"line":20,"column":null}},"type":"if","locations":[{"start":{"line":18,"column":6},"end":{"line":20,"column":null}},{"start":{},"end":{}}],"line":18},"2":{"loc":{"start":{"line":26,"column":4},"end":{"line":30,"column":null}},"type":"if","locations":[{"start":{"line":26,"column":4},"end":{"line":30,"column":null}},{"start":{},"end":{}}],"line":26},"3":{"loc":{"start":{"line":29,"column":36},"end":{"line":29,"column":null}},"type":"cond-expr","locations":[{"start":{"line":29,"column":48},"end":{"line":29,"column":76}},{"start":{"line":29,"column":76},"end":{"line":29,"column":null}}],"line":29}},"s":{"0":1,"1":6,"2":6,"3":6,"4":6,"5":3,"6":3,"7":3,"8":3,"9":0,"10":0,"11":6,"12":4,"13":4,"14":4,"15":6},"f":{"0":6,"1":3,"2":0,"3":4},"b":{"0":[3,0],"1":[0,0],"2":[4,0],"3":[2,2]},"meta":{"lastBranch":4,"lastFunction":4,"lastStatement":16,"seen":{"s:7:32:49:Infinity":0,"f:7:32:7:38":0,"s:8:17:8:Infinity":1,"s:9:8:9:Infinity":2,"s:10:8:10:Infinity":3,"s:12:2:22:Infinity":4,"f:12:12:12:18":1,"s:13:17:13:Infinity":5,"b:14:4:16:Infinity:undefined:undefined:undefined:undefined":0,"s:14:4:16:Infinity":6,"s:15:6:15:Infinity":7,"s:17:4:21:Infinity":8,"f:17:11:17:17":2,"b:18:6:20:Infinity:undefined:undefined:undefined:undefined":1,"s:18:6:20:Infinity":9,"s:19:8:19:Infinity":10,"s:24:2:31:Infinity":11,"f:24:11:24:17":3,"s:25:50:25:Infinity":12,"b:26:4:30:Infinity:undefined:undefined:undefined:undefined":2,"s:26:4:30:Infinity":13,"s:29:6:29:Infinity":14,"b:29:48:29:76:29:76:29:Infinity":3,"s:33:2:47:Infinity":15}}}
,"/app/src/components/EntrainmentSystem.tsx": {"path":"/app/src/components/EntrainmentSystem.tsx","statementMap":{"0":{"start":{"line":7,"column":33},"end":{"line":42,"column":null}},"1":{"start":{"line":8,"column":2},"end":{"line":39,"column":null}},"2":{"start":{"line":15,"column":8},"end":{"line":15,"column":null}},"3":{"start":{"line":17,"column":4},"end":{"line":20,"column":null}},"4":{"start":{"line":18,"column":6},"end":{"line":18,"column":null}},"5":{"start":{"line":18,"column":29},"end":{"line":18,"column":null}},"6":{"start":{"line":19,"column":6},"end":{"line":19,"column":null}},"7":{"start":{"line":23,"column":20},"end":{"line":27,"column":null}},"8":{"start":{"line":28,"column":4},"end":{"line":28,"column":null}},"9":{"start":{"line":34,"column":17},"end":{"line":34,"column":null}},"10":{"start":{"line":35,"column":22},"end":{"line":35,"column":null}},"11":{"start":{"line":36,"column":10},"end":{"line":36,"column":null}},"12":{"start":{"line":38,"column":4},"end":{"line":38,"column":null}},"13":{"start":{"line":41,"column":2},"end":{"line":41,"column":null}}},"fnMap":{"0":{"name":"(anonymous_0)","decl":{"start":{"line":7,"column":33},"end":{"line":7,"column":39}},"loc":{"start":{"line":7,"column":39},"end":{"line":42,"column":null}},"line":7},"1":{"name":"(anonymous_1)","decl":{"start":{"line":8,"column":11},"end":{"line":8,"column":12}},"loc":{"start":{"line":8,"column":22},"end":{"line":39,"column":3}},"line":8}},"branchMap":{"0":{"loc":{"start":{"line":17,"column":4},"end":{"line":20,"column":null}},"type":"if","locations":[{"start":{"line":17,"column":4},"end":{"line":20,"column":null}},{"start":{},"end":{}}],"line":17},"1":{"loc":{"start":{"line":18,"column":6},"end":{"line":18,"column":null}},"type":"if","locations":[{"start":{"line":18,"column":6},"end":{"line":18,"column":null}},{"start":{},"end":{}}],"line":18},"2":{"loc":{"start":{"line":34,"column":17},"end":{"line":34,"column":null}},"type":"binary-expr","locations":[{"start":{"line":34,"column":17},"end":{"line":34,"column":49}},{"start":{"line":34,"column":49},"end":{"line":34,"column":null}}],"line":34}},"s":{"0":1,"1":3,"2":20,"3":20,"4":10,"5":10,"6":10,"7":10,"8":10,"9":10,"10":20,"11":20,"12":20,"13":3},"f":{"0":3,"1":20},"b":{"0":[10,10],"1":[10,0],"2":[10,10]},"meta":{"lastBranch":3,"lastFunction":2,"lastStatement":14,"seen":{"s:7:33:42:Infinity":0,"f:7:33:7:39":0,"s:8:2:39:Infinity":1,"f:8:11:8:12":1,"s:15:8:15:Infinity":2,"b:17:4:20:Infinity:undefined:undefined:undefined:undefined":0,"s:17:4:20:Infinity":3,"b:18:6:18:Infinity:undefined:undefined:undefined:undefined":1,"s:18:6:18:Infinity":4,"s:18:29:18:Infinity":5,"s:19:6:19:Infinity":6,"s:23:20:27:Infinity":7,"s:28:4:28:Infinity":8,"s:34:17:34:Infinity":9,"b:34:17:34:49:34:49:34:Infinity":2,"s:35:22:35:Infinity":10,"s:36:10:36:Infinity":11,"s:38:4:38:Infinity":12,"s:41:2:41:Infinity":13}}}
,"/app/src/components/FPSMonitor.tsx": {"path":"/app/src/components/FPSMonitor.tsx","statementMap":{"0":{"start":{"line":5,"column":26},"end":{"line":44,"column":null}},"1":{"start":{"line":6,"column":20},"end":{"line":6,"column":null}},"2":{"start":{"line":7,"column":8},"end":{"line":7,"column":null}},"3":{"start":{"line":8,"column":8},"end":{"line":8,"column":null}},"4":{"start":{"line":10,"column":2},"end":{"line":12,"column":null}},"5":{"start":{"line":11,"column":4},"end":{"line":11,"column":null}},"6":{"start":{"line":14,"column":2},"end":{"line":22,"column":null}},"7":{"start":{"line":15,"column":4},"end":{"line":15,"column":null}},"8":{"start":{"line":16,"column":17},"end":{"line":16,"column":null}},"9":{"start":{"line":17,"column":4},"end":{"line":21,"column":null}},"10":{"start":{"line":18,"column":6},"end":{"line":18,"column":null}},"11":{"start":{"line":19,"column":6},"end":{"line":19,"column":null}},"12":{"start":{"line":20,"column":6},"end":{"line":20,"column":null}},"13":{"start":{"line":24,"column":2},"end":{"line":42,"column":null}}},"fnMap":{"0":{"name":"(anonymous_0)","decl":{"start":{"line":5,"column":26},"end":{"line":5,"column":32}},"loc":{"start":{"line":5,"column":32},"end":{"line":44,"column":null}},"line":5},"1":{"name":"(anonymous_1)","decl":{"start":{"line":10,"column":12},"end":{"line":10,"column":18}},"loc":{"start":{"line":10,"column":18},"end":{"line":12,"column":5}},"line":10},"2":{"name":"(anonymous_2)","decl":{"start":{"line":14,"column":11},"end":{"line":14,"column":17}},"loc":{"start":{"line":14,"column":17},"end":{"line":22,"column":3}},"line":14}},"branchMap":{"0":{"loc":{"start":{"line":17,"column":4},"end":{"line":21,"column":null}},"type":"if","locations":[{"start":{"line":17,"column":4},"end":{"line":21,"column":null}},{"start":{},"end":{}}],"line":17},"1":{"loc":{"start":{"line":31,"column":17},"end":{"line":31,"column":null}},"type":"cond-expr","locations":[{"start":{"line":31,"column":28},"end":{"line":31,"column":36}},{"start":{"line":31,"column":36},"end":{"line":31,"column":null}}],"line":31}},"s":{"0":1,"1":2,"2":2,"3":2,"4":2,"5":1,"6":2,"7":60,"8":60,"9":60,"10":1,"11":1,"12":1,"13":2},"f":{"0":2,"1":1,"2":60},"b":{"0":[1,59],"1":[1,1]},"meta":{"lastBranch":2,"lastFunction":3,"lastStatement":14,"seen":{"s:5:26:44:Infinity":0,"f:5:26:5:32":0,"s:6:20:6:Infinity":1,"s:7:8:7:Infinity":2,"s:8:8:8:Infinity":3,"s:10:2:12:Infinity":4,"f:10:12:10:18":1,"s:11:4:11:Infinity":5,"s:14:2:22:Infinity":6,"f:14:11:14:17":2,"s:15:4:15:Infinity":7,"s:16:17:16:Infinity":8,"b:17:4:21:Infinity:undefined:undefined:undefined:undefined":0,"s:17:4:21:Infinity":9,"s:18:6:18:Infinity":10,"s:19:6:19:Infinity":11,"s:20:6:20:Infinity":12,"s:24:2:42:Infinity":13,"b:31:28:31:36:31:36:31:Infinity":1}}}
,"/app/src/components/FractalLandscape.tsx": {"path":"/app/src/components/FractalLandscape.tsx","statementMap":{"0":{"start":{"line":10,"column":32},"end":{"line":117,"column":null}},"1":{"start":{"line":11,"column":8},"end":{"line":11,"column":null}},"2":{"start":{"line":13,"column":8},"end":{"line":13,"column":null}},"3":{"start":{"line":14,"column":17},"end":{"line":14,"column":null}},"4":{"start":{"line":16,"column":8},"end":{"line":84,"column":null}},"5":{"start":{"line":17,"column":16},"end":{"line":23,"column":null}},"6":{"start":{"line":25,"column":4},"end":{"line":81,"column":null}},"7":{"start":{"line":26,"column":6},"end":{"line":26,"column":null}},"8":{"start":{"line":27,"column":6},"end":{"line":27,"column":null}},"9":{"start":{"line":28,"column":6},"end":{"line":28,"column":null}},"10":{"start":{"line":29,"column":6},"end":{"line":29,"column":null}},"11":{"start":{"line":30,"column":6},"end":{"line":30,"column":null}},"12":{"start":{"line":32,"column":6},"end":{"line":32,"column":null}},"13":{"start":{"line":35,"column":6},"end":{"line":42,"column":null}},"14":{"start":{"line":45,"column":6},"end":{"line":76,"column":null}},"15":{"start":{"line":83,"column":4},"end":{"line":83,"column":null}},"16":{"start":{"line":86,"column":2},"end":{"line":104,"column":null}},"17":{"start":{"line":87,"column":4},"end":{"line":87,"column":null}},"18":{"start":{"line":87,"column":48},"end":{"line":87,"column":null}},"19":{"start":{"line":91,"column":4},"end":{"line":91,"column":null}},"20":{"start":{"line":92,"column":4},"end":{"line":92,"column":null}},"21":{"start":{"line":95,"column":19},"end":{"line":95,"column":null}},"22":{"start":{"line":96,"column":27},"end":{"line":96,"column":null}},"23":{"start":{"line":97,"column":24},"end":{"line":97,"column":null}},"24":{"start":{"line":99,"column":4},"end":{"line":99,"column":null}},"25":{"start":{"line":100,"column":4},"end":{"line":100,"column":null}},"26":{"start":{"line":101,"column":4},"end":{"line":101,"column":null}},"27":{"start":{"line":102,"column":4},"end":{"line":102,"column":null}},"28":{"start":{"line":103,"column":4},"end":{"line":103,"column":null}},"29":{"start":{"line":106,"column":2},"end":{"line":115,"column":null}}},"fnMap":{"0":{"name":"(anonymous_0)","decl":{"start":{"line":10,"column":32},"end":{"line":10,"column":38}},"loc":{"start":{"line":10,"column":38},"end":{"line":117,"column":null}},"line":10},"1":{"name":"(anonymous_1)","decl":{"start":{"line":16,"column":27},"end":{"line":16,"column":33}},"loc":{"start":{"line":16,"column":33},"end":{"line":84,"column":5}},"line":16},"2":{"name":"(anonymous_2)","decl":{"start":{"line":25,"column":26},"end":{"line":25,"column":27}},"loc":{"start":{"line":25,"column":38},"end":{"line":81,"column":null}},"line":25},"3":{"name":"(anonymous_3)","decl":{"start":{"line":86,"column":11},"end":{"line":86,"column":12}},"loc":{"start":{"line":86,"column":26},"end":{"line":104,"column":3}},"line":86}},"branchMap":{"0":{"loc":{"start":{"line":87,"column":4},"end":{"line":87,"column":null}},"type":"if","locations":[{"start":{"line":87,"column":4},"end":{"line":87,"column":null}},{"start":{},"end":{}}],"line":87},"1":{"loc":{"start":{"line":87,"column":8},"end":{"line":87,"column":48}},"type":"binary-expr","locations":[{"start":{"line":87,"column":8},"end":{"line":87,"column":28}},{"start":{"line":87,"column":28},"end":{"line":87,"column":48}}],"line":87},"2":{"loc":{"start":{"line":103,"column":47},"end":{"line":103,"column":null}},"type":"cond-expr","locations":[{"start":{"line":103,"column":64},"end":{"line":103,"column":78}},{"start":{"line":103,"column":78},"end":{"line":103,"column":null}}],"line":103}},"s":{"0":1,"1":4,"2":4,"3":4,"4":4,"5":2,"6":2,"7":0,"8":0,"9":0,"10":0,"11":0,"12":0,"13":0,"14":0,"15":2,"16":4,"17":5,"18":5,"19":0,"20":0,"21":0,"22":0,"23":0,"24":0,"25":0,"26":0,"27":0,"28":0,"29":4},"f":{"0":4,"1":2,"2":0,"3":5},"b":{"0":[5,0],"1":[5,5],"2":[0,0]},"meta":{"lastBranch":3,"lastFunction":4,"lastStatement":30,"seen":{"s:10:32:117:Infinity":0,"f:10:32:10:38":0,"s:11:8:11:Infinity":1,"s:13:8:13:Infinity":2,"s:14:17:14:Infinity":3,"s:16:8:84:Infinity":4,"f:16:27:16:33":1,"s:17:16:23:Infinity":5,"s:25:4:81:Infinity":6,"f:25:26:25:27":2,"s:26:6:26:Infinity":7,"s:27:6:27:Infinity":8,"s:28:6:28:Infinity":9,"s:29:6:29:Infinity":10,"s:30:6:30:Infinity":11,"s:32:6:32:Infinity":12,"s:35:6:42:Infinity":13,"s:45:6:76:Infinity":14,"s:83:4:83:Infinity":15,"s:86:2:104:Infinity":16,"f:86:11:86:12":3,"b:87:4:87:Infinity:undefined:undefined:undefined:undefined":0,"s:87:4:87:Infinity":17,"b:87:8:87:28:87:28:87:48":1,"s:87:48:87:Infinity":18,"s:91:4:91:Infinity":19,"s:92:4:92:Infinity":20,"s:95:19:95:Infinity":21,"s:96:27:96:Infinity":22,"s:97:24:97:Infinity":23,"s:99:4:99:Infinity":24,"s:100:4:100:Infinity":25,"s:101:4:101:Infinity":26,"s:102:4:102:Infinity":27,"s:103:4:103:Infinity":28,"b:103:64:103:78:103:78:103:Infinity":2,"s:106:2:115:Infinity":29}}}
,"/app/src/components/HorizonIndicator.css": {"path":"/app/src/components/HorizonIndicator.css","statementMap":{},"fnMap":{},"branchMap":{},"s":{},"f":{},"b":{},"meta":{"lastBranch":0,"lastFunction":0,"lastStatement":0,"seen":{}}}
,"/app/src/components/HorizonIndicator.tsx": {"path":"/app/src/components/HorizonIndicator.tsx","statementMap":{"0":{"start":{"line":5,"column":32},"end":{"line":46,"column":null}},"1":{"start":{"line":6,"column":37},"end":{"line":6,"column":null}},"2":{"start":{"line":9,"column":18},"end":{"line":9,"column":null}},"3":{"start":{"line":20,"column":19},"end":{"line":23,"column":null}},"4":{"start":{"line":21,"column":4},"end":{"line":21,"column":null}},"5":{"start":{"line":21,"column":35},"end":{"line":21,"column":null}},"6":{"start":{"line":22,"column":4},"end":{"line":22,"column":null}},"7":{"start":{"line":28,"column":17},"end":{"line":28,"column":null}},"8":{"start":{"line":29,"column":16},"end":{"line":29,"column":null}},"9":{"start":{"line":31,"column":2},"end":{"line":44,"column":null}}},"fnMap":{"0":{"name":"(anonymous_0)","decl":{"start":{"line":5,"column":32},"end":{"line":5,"column":38}},"loc":{"start":{"line":5,"column":38},"end":{"line":46,"column":null}},"line":5},"1":{"name":"(anonymous_1)","decl":{"start":{"line":20,"column":19},"end":{"line":20,"column":20}},"loc":{"start":{"line":20,"column":41},"end":{"line":23,"column":null}},"line":20}},"branchMap":{"0":{"loc":{"start":{"line":9,"column":18},"end":{"line":9,"column":null}},"type":"cond-expr","locations":[{"start":{"line":9,"column":37},"end":{"line":9,"column":65}},{"start":{"line":9,"column":65},"end":{"line":9,"column":null}}],"line":9},"1":{"loc":{"start":{"line":21,"column":4},"end":{"line":21,"column":null}},"type":"if","locations":[{"start":{"line":21,"column":4},"end":{"line":21,"column":null}},{"start":{},"end":{}}],"line":21},"2":{"loc":{"start":{"line":22,"column":11},"end":{"line":22,"column":null}},"type":"cond-expr","locations":[{"start":{"line":22,"column":26},"end":{"line":22,"column":54}},{"start":{"line":22,"column":54},"end":{"line":22,"column":null}}],"line":22}},"s":{"0":1,"1":6,"2":6,"3":6,"4":6,"5":2,"6":4,"7":6,"8":6,"9":6},"f":{"0":6,"1":6},"b":{"0":[5,1],"1":[2,4],"2":[3,1]},"meta":{"lastBranch":3,"lastFunction":2,"lastStatement":10,"seen":{"s:5:32:46:Infinity":0,"f:5:32:5:38":0,"s:6:37:6:Infinity":1,"s:9:18:9:Infinity":2,"b:9:37:9:65:9:65:9:Infinity":0,"s:20:19:23:Infinity":3,"f:20:19:20:20":1,"b:21:4:21:Infinity:undefined:undefined:undefined:undefined":1,"s:21:4:21:Infinity":4,"s:21:35:21:Infinity":5,"s:22:4:22:Infinity":6,"b:22:26:22:54:22:54:22:Infinity":2,"s:28:17:28:Infinity":7,"s:29:16:29:Infinity":8,"s:31:2:44:Infinity":9}}}
,"/app/src/components/HoverHint.css": {"path":"/app/src/components/HoverHint.css","statementMap":{},"fnMap":{},"branchMap":{},"s":{},"f":{},"b":{},"meta":{"lastBranch":0,"lastFunction":0,"lastStatement":0,"seen":{}}}
,"/app/src/components/HoverHint.tsx": {"path":"/app/src/components/HoverHint.tsx","statementMap":{"0":{"start":{"line":5,"column":25},"end":{"line":34,"column":null}},"1":{"start":{"line":6,"column":29},"end":{"line":6,"column":null}},"2":{"start":{"line":7,"column":8},"end":{"line":9,"column":null}},"3":{"start":{"line":8,"column":4},"end":{"line":8,"column":null}},"4":{"start":{"line":8,"column":35},"end":{"line":8,"column":62}},"5":{"start":{"line":10,"column":30},"end":{"line":10,"column":null}},"6":{"start":{"line":12,"column":2},"end":{"line":21,"column":null}},"7":{"start":{"line":13,"column":28},"end":{"line":15,"column":null}},"8":{"start":{"line":14,"column":6},"end":{"line":14,"column":null}},"9":{"start":{"line":17,"column":4},"end":{"line":17,"column":null}},"10":{"start":{"line":18,"column":4},"end":{"line":20,"column":null}},"11":{"start":{"line":19,"column":6},"end":{"line":19,"column":null}},"12":{"start":{"line":23,"column":2},"end":{"line":32,"column":null}}},"fnMap":{"0":{"name":"(anonymous_0)","decl":{"start":{"line":5,"column":25},"end":{"line":5,"column":31}},"loc":{"start":{"line":5,"column":31},"end":{"line":34,"column":null}},"line":5},"1":{"name":"(anonymous_1)","decl":{"start":{"line":7,"column":42},"end":{"line":7,"column":43}},"loc":{"start":{"line":8,"column":4},"end":{"line":8,"column":null}},"line":8},"2":{"name":"(anonymous_2)","decl":{"start":{"line":8,"column":28},"end":{"line":8,"column":29}},"loc":{"start":{"line":8,"column":35},"end":{"line":8,"column":62}},"line":8},"3":{"name":"(anonymous_3)","decl":{"start":{"line":12,"column":12},"end":{"line":12,"column":18}},"loc":{"start":{"line":12,"column":18},"end":{"line":21,"column":5}},"line":12},"4":{"name":"(anonymous_4)","decl":{"start":{"line":13,"column":28},"end":{"line":13,"column":29}},"loc":{"start":{"line":13,"column":51},"end":{"line":15,"column":null}},"line":13},"5":{"name":"(anonymous_5)","decl":{"start":{"line":18,"column":11},"end":{"line":18,"column":17}},"loc":{"start":{"line":18,"column":17},"end":{"line":20,"column":null}},"line":18}},"branchMap":{"0":{"loc":{"start":{"line":25,"column":31},"end":{"line":25,"column":59}},"type":"cond-expr","locations":[{"start":{"line":25,"column":45},"end":{"line":25,"column":57}},{"start":{"line":25,"column":57},"end":{"line":25,"column":59}}],"line":25}},"s":{"0":1,"1":7,"2":7,"3":24,"4":24,"5":7,"6":7,"7":3,"8":1,"9":3,"10":3,"11":3,"12":7},"f":{"0":7,"1":24,"2":24,"3":3,"4":1,"5":3},"b":{"0":[3,4]},"meta":{"lastBranch":1,"lastFunction":6,"lastStatement":13,"seen":{"s:5:25:34:Infinity":0,"f:5:25:5:31":0,"s:6:29:6:Infinity":1,"s:7:8:9:Infinity":2,"f:7:42:7:43":1,"s:8:4:8:Infinity":3,"f:8:28:8:29":2,"s:8:35:8:62":4,"s:10:30:10:Infinity":5,"s:12:2:21:Infinity":6,"f:12:12:12:18":3,"s:13:28:15:Infinity":7,"f:13:28:13:29":4,"s:14:6:14:Infinity":8,"s:17:4:17:Infinity":9,"s:18:4:20:Infinity":10,"f:18:11:18:17":5,"s:19:6:19:Infinity":11,"s:23:2:32:Infinity":12,"b:25:45:25:57:25:57:25:59":0}}}
,"/app/src/components/InfiniteHorizon.tsx": {"path":"/app/src/components/InfiniteHorizon.tsx","statementMap":{"0":{"start":{"line":7,"column":31},"end":{"line":66,"column":null}},"1":{"start":{"line":8,"column":17},"end":{"line":8,"column":null}},"2":{"start":{"line":9,"column":8},"end":{"line":9,"column":null}},"3":{"start":{"line":10,"column":8},"end":{"line":10,"column":null}},"4":{"start":{"line":12,"column":2},"end":{"line":63,"column":null}},"5":{"start":{"line":14,"column":4},"end":{"line":14,"column":null}},"6":{"start":{"line":15,"column":4},"end":{"line":15,"column":null}},"7":{"start":{"line":15,"column":42},"end":{"line":15,"column":null}},"8":{"start":{"line":16,"column":4},"end":{"line":16,"column":null}},"9":{"start":{"line":18,"column":66},"end":{"line":18,"column":null}},"10":{"start":{"line":20,"column":4},"end":{"line":20,"column":null}},"11":{"start":{"line":20,"column":35},"end":{"line":20,"column":null}},"12":{"start":{"line":23,"column":21},"end":{"line":23,"column":null}},"13":{"start":{"line":29,"column":26},"end":{"line":29,"column":null}},"14":{"start":{"line":31,"column":4},"end":{"line":48,"column":null}},"15":{"start":{"line":32,"column":6},"end":{"line":32,"column":null}},"16":{"start":{"line":34,"column":23},"end":{"line":34,"column":null}},"17":{"start":{"line":35,"column":24},"end":{"line":35,"column":null}},"18":{"start":{"line":38,"column":6},"end":{"line":42,"column":null}},"19":{"start":{"line":38,"column":19},"end":{"line":38,"column":22}},"20":{"start":{"line":39,"column":21},"end":{"line":39,"column":null}},"21":{"start":{"line":40,"column":8},"end":{"line":40,"column":null}},"22":{"start":{"line":41,"column":8},"end":{"line":41,"column":null}},"23":{"start":{"line":44,"column":6},"end":{"line":44,"column":null}},"24":{"start":{"line":47,"column":6},"end":{"line":47,"column":null}},"25":{"start":{"line":53,"column":18},"end":{"line":53,"column":null}},"26":{"start":{"line":56,"column":19},"end":{"line":58,"column":null}},"27":{"start":{"line":57,"column":21},"end":{"line":57,"column":45}},"28":{"start":{"line":58,"column":18},"end":{"line":58,"column":22}},"29":{"start":{"line":60,"column":4},"end":{"line":62,"column":null}},"30":{"start":{"line":61,"column":6},"end":{"line":61,"column":null}},"31":{"start":{"line":65,"column":2},"end":{"line":65,"column":null}}},"fnMap":{"0":{"name":"(anonymous_0)","decl":{"start":{"line":7,"column":31},"end":{"line":7,"column":37}},"loc":{"start":{"line":7,"column":37},"end":{"line":66,"column":null}},"line":7},"1":{"name":"(anonymous_1)","decl":{"start":{"line":12,"column":11},"end":{"line":12,"column":12}},"loc":{"start":{"line":12,"column":25},"end":{"line":63,"column":3}},"line":12},"2":{"name":"(anonymous_2)","decl":{"start":{"line":57,"column":14},"end":{"line":57,"column":15}},"loc":{"start":{"line":57,"column":21},"end":{"line":57,"column":45}},"line":57},"3":{"name":"(anonymous_3)","decl":{"start":{"line":58,"column":11},"end":{"line":58,"column":12}},"loc":{"start":{"line":58,"column":18},"end":{"line":58,"column":22}},"line":58}},"branchMap":{"0":{"loc":{"start":{"line":15,"column":4},"end":{"line":15,"column":null}},"type":"if","locations":[{"start":{"line":15,"column":4},"end":{"line":15,"column":null}},{"start":{},"end":{}}],"line":15},"1":{"loc":{"start":{"line":20,"column":4},"end":{"line":20,"column":null}},"type":"if","locations":[{"start":{"line":20,"column":4},"end":{"line":20,"column":null}},{"start":{},"end":{}}],"line":20},"2":{"loc":{"start":{"line":31,"column":4},"end":{"line":48,"column":null}},"type":"if","locations":[{"start":{"line":31,"column":4},"end":{"line":48,"column":null}},{"start":{},"end":{}}],"line":31},"3":{"loc":{"start":{"line":31,"column":8},"end":{"line":31,"column":95}},"type":"binary-expr","locations":[{"start":{"line":31,"column":8},"end":{"line":31,"column":72}},{"start":{"line":31,"column":72},"end":{"line":31,"column":95}}],"line":31},"4":{"loc":{"start":{"line":60,"column":4},"end":{"line":62,"column":null}},"type":"if","locations":[{"start":{"line":60,"column":4},"end":{"line":62,"column":null}},{"start":{},"end":{}}],"line":60}},"s":{"0":1,"1":4,"2":4,"3":4,"4":4,"5":20,"6":20,"7":16,"8":4,"9":4,"10":4,"11":0,"12":4,"13":4,"14":4,"15":3,"16":3,"17":3,"18":3,"19":3,"20":9,"21":9,"22":9,"23":3,"24":3,"25":4,"26":4,"27":13,"28":1,"29":4,"30":1,"31":4},"f":{"0":4,"1":20,"2":13,"3":1},"b":{"0":[16,4],"1":[0,4],"2":[3,1],"3":[4,3],"4":[1,3]},"meta":{"lastBranch":5,"lastFunction":4,"lastStatement":32,"seen":{"s:7:31:66:Infinity":0,"f:7:31:7:37":0,"s:8:17:8:Infinity":1,"s:9:8:9:Infinity":2,"s:10:8:10:Infinity":3,"s:12:2:63:Infinity":4,"f:12:11:12:12":1,"s:14:4:14:Infinity":5,"b:15:4:15:Infinity:undefined:undefined:undefined:undefined":0,"s:15:4:15:Infinity":6,"s:15:42:15:Infinity":7,"s:16:4:16:Infinity":8,"s:18:66:18:Infinity":9,"b:20:4:20:Infinity:undefined:undefined:undefined:undefined":1,"s:20:4:20:Infinity":10,"s:20:35:20:Infinity":11,"s:23:21:23:Infinity":12,"s:29:26:29:Infinity":13,"b:31:4:48:Infinity:undefined:undefined:undefined:undefined":2,"s:31:4:48:Infinity":14,"b:31:8:31:72:31:72:31:95":3,"s:32:6:32:Infinity":15,"s:34:23:34:Infinity":16,"s:35:24:35:Infinity":17,"s:38:6:42:Infinity":18,"s:38:19:38:22":19,"s:39:21:39:Infinity":20,"s:40:8:40:Infinity":21,"s:41:8:41:Infinity":22,"s:44:6:44:Infinity":23,"s:47:6:47:Infinity":24,"s:53:18:53:Infinity":25,"s:56:19:58:Infinity":26,"f:57:14:57:15":2,"s:57:21:57:45":27,"f:58:11:58:12":3,"s:58:18:58:22":28,"b:60:4:62:Infinity:undefined:undefined:undefined:undefined":4,"s:60:4:62:Infinity":29,"s:61:6:61:Infinity":30,"s:65:2:65:Infinity":31}}}
,"/app/src/components/LuminaField.tsx": {"path":"/app/src/components/LuminaField.tsx","statementMap":{"0":{"start":{"line":9,"column":23},"end":{"line":9,"column":null}},"1":{"start":{"line":11,"column":27},"end":{"line":129,"column":null}},"2":{"start":{"line":12,"column":8},"end":{"line":12,"column":null}},"3":{"start":{"line":13,"column":8},"end":{"line":13,"column":null}},"4":{"start":{"line":16,"column":8},"end":{"line":16,"column":null}},"5":{"start":{"line":16,"column":53},"end":{"line":16,"column":72}},"6":{"start":{"line":17,"column":8},"end":{"line":17,"column":null}},"7":{"start":{"line":17,"column":54},"end":{"line":17,"column":72}},"8":{"start":{"line":20,"column":8},"end":{"line":25,"column":null}},"9":{"start":{"line":20,"column":34},"end":{"line":25,"column":6}},"10":{"start":{"line":28,"column":45},"end":{"line":49,"column":null}},"11":{"start":{"line":29,"column":26},"end":{"line":29,"column":null}},"12":{"start":{"line":30,"column":24},"end":{"line":30,"column":null}},"13":{"start":{"line":31,"column":22},"end":{"line":31,"column":null}},"14":{"start":{"line":33,"column":4},"end":{"line":46,"column":null}},"15":{"start":{"line":33,"column":17},"end":{"line":33,"column":20}},"16":{"start":{"line":36,"column":12},"end":{"line":36,"column":null}},"17":{"start":{"line":37,"column":12},"end":{"line":37,"column":null}},"18":{"start":{"line":38,"column":12},"end":{"line":38,"column":null}},"19":{"start":{"line":40,"column":6},"end":{"line":40,"column":null}},"20":{"start":{"line":41,"column":6},"end":{"line":41,"column":null}},"21":{"start":{"line":42,"column":6},"end":{"line":42,"column":null}},"22":{"start":{"line":44,"column":6},"end":{"line":44,"column":null}},"23":{"start":{"line":45,"column":6},"end":{"line":45,"column":null}},"24":{"start":{"line":48,"column":4},"end":{"line":48,"column":null}},"25":{"start":{"line":51,"column":2},"end":{"line":67,"column":null}},"26":{"start":{"line":52,"column":4},"end":{"line":52,"column":null}},"27":{"start":{"line":52,"column":26},"end":{"line":52,"column":null}},"28":{"start":{"line":54,"column":18},"end":{"line":54,"column":null}},"29":{"start":{"line":56,"column":4},"end":{"line":64,"column":null}},"30":{"start":{"line":56,"column":17},"end":{"line":56,"column":20}},"31":{"start":{"line":57,"column":6},"end":{"line":61,"column":null}},"32":{"start":{"line":62,"column":6},"end":{"line":62,"column":null}},"33":{"start":{"line":63,"column":6},"end":{"line":63,"column":null}},"34":{"start":{"line":66,"column":4},"end":{"line":66,"column":null}},"35":{"start":{"line":69,"column":2},"end":{"line":100,"column":null}},"36":{"start":{"line":70,"column":4},"end":{"line":70,"column":null}},"37":{"start":{"line":70,"column":30},"end":{"line":70,"column":null}},"38":{"start":{"line":73,"column":4},"end":{"line":73,"column":null}},"39":{"start":{"line":79,"column":25},"end":{"line":79,"column":null}},"40":{"start":{"line":80,"column":4},"end":{"line":84,"column":null}},"41":{"start":{"line":87,"column":24},"end":{"line":87,"column":null}},"42":{"start":{"line":88,"column":4},"end":{"line":92,"column":null}},"43":{"start":{"line":95,"column":4},"end":{"line":99,"column":null}},"44":{"start":{"line":102,"column":2},"end":{"line":127,"column":null}}},"fnMap":{"0":{"name":"(anonymous_0)","decl":{"start":{"line":11,"column":27},"end":{"line":11,"column":33}},"loc":{"start":{"line":11,"column":33},"end":{"line":129,"column":null}},"line":11},"1":{"name":"(anonymous_1)","decl":{"start":{"line":16,"column":42},"end":{"line":16,"column":43}},"loc":{"start":{"line":16,"column":53},"end":{"line":16,"column":72}},"line":16},"2":{"name":"(anonymous_2)","decl":{"start":{"line":17,"column":43},"end":{"line":17,"column":44}},"loc":{"start":{"line":17,"column":54},"end":{"line":17,"column":72}},"line":17},"3":{"name":"(anonymous_3)","decl":{"start":{"line":20,"column":27},"end":{"line":20,"column":34}},"loc":{"start":{"line":20,"column":34},"end":{"line":25,"column":6}},"line":20},"4":{"name":"(anonymous_4)","decl":{"start":{"line":28,"column":58},"end":{"line":28,"column":64}},"loc":{"start":{"line":28,"column":64},"end":{"line":49,"column":3}},"line":28},"5":{"name":"(anonymous_5)","decl":{"start":{"line":51,"column":12},"end":{"line":51,"column":18}},"loc":{"start":{"line":51,"column":18},"end":{"line":67,"column":5}},"line":51},"6":{"name":"(anonymous_6)","decl":{"start":{"line":69,"column":11},"end":{"line":69,"column":12}},"loc":{"start":{"line":69,"column":22},"end":{"line":100,"column":3}},"line":69}},"branchMap":{"0":{"loc":{"start":{"line":52,"column":4},"end":{"line":52,"column":null}},"type":"if","locations":[{"start":{"line":52,"column":4},"end":{"line":52,"column":null}},{"start":{},"end":{}}],"line":52},"1":{"loc":{"start":{"line":70,"column":4},"end":{"line":70,"column":null}},"type":"if","locations":[{"start":{"line":70,"column":4},"end":{"line":70,"column":null}},{"start":{},"end":{}}],"line":70}},"s":{"0":1,"1":1,"2":3,"3":3,"4":3,"5":3,"6":3,"7":3,"8":3,"9":3,"10":3,"11":3,"12":3,"13":3,"14":3,"15":3,"16":6000,"17":6000,"18":6000,"19":6000,"20":6000,"21":6000,"22":6000,"23":6000,"24":3,"25":3,"26":3,"27":0,"28":3,"29":3,"30":3,"31":6000,"32":6000,"33":6000,"34":3,"35":3,"36":10,"37":0,"38":10,"39":10,"40":10,"41":10,"42":10,"43":10,"44":3},"f":{"0":3,"1":3,"2":3,"3":3,"4":3,"5":3,"6":10},"b":{"0":[0,3],"1":[0,10]},"meta":{"lastBranch":2,"lastFunction":7,"lastStatement":45,"seen":{"s:9:23:9:Infinity":0,"s:11:27:129:Infinity":1,"f:11:27:11:33":0,"s:12:8:12:Infinity":2,"s:13:8:13:Infinity":3,"s:16:8:16:Infinity":4,"f:16:42:16:43":1,"s:16:53:16:72":5,"s:17:8:17:Infinity":6,"f:17:43:17:44":2,"s:17:54:17:72":7,"s:20:8:25:Infinity":8,"f:20:27:20:34":3,"s:20:34:25:6":9,"s:28:45:49:Infinity":10,"f:28:58:28:64":4,"s:29:26:29:Infinity":11,"s:30:24:30:Infinity":12,"s:31:22:31:Infinity":13,"s:33:4:46:Infinity":14,"s:33:17:33:20":15,"s:36:12:36:Infinity":16,"s:37:12:37:Infinity":17,"s:38:12:38:Infinity":18,"s:40:6:40:Infinity":19,"s:41:6:41:Infinity":20,"s:42:6:42:Infinity":21,"s:44:6:44:Infinity":22,"s:45:6:45:Infinity":23,"s:48:4:48:Infinity":24,"s:51:2:67:Infinity":25,"f:51:12:51:18":5,"b:52:4:52:Infinity:undefined:undefined:undefined:undefined":0,"s:52:4:52:Infinity":26,"s:52:26:52:Infinity":27,"s:54:18:54:Infinity":28,"s:56:4:64:Infinity":29,"s:56:17:56:20":30,"s:57:6:61:Infinity":31,"s:62:6:62:Infinity":32,"s:63:6:63:Infinity":33,"s:66:4:66:Infinity":34,"s:69:2:100:Infinity":35,"f:69:11:69:12":6,"b:70:4:70:Infinity:undefined:undefined:undefined:undefined":1,"s:70:4:70:Infinity":36,"s:70:30:70:Infinity":37,"s:73:4:73:Infinity":38,"s:79:25:79:Infinity":39,"s:80:4:84:Infinity":40,"s:87:24:87:Infinity":41,"s:88:4:92:Infinity":42,"s:95:4:99:Infinity":43,"s:102:2:127:Infinity":44}}}
,"/app/src/components/MnemonicProjector.tsx": {"path":"/app/src/components/MnemonicProjector.tsx","statementMap":{"0":{"start":{"line":6,"column":14},"end":{"line":54,"column":null}},"1":{"start":{"line":7,"column":8},"end":{"line":7,"column":null}},"2":{"start":{"line":10,"column":8},"end":{"line":15,"column":null}},"3":{"start":{"line":11,"column":18},"end":{"line":11,"column":null}},"4":{"start":{"line":12,"column":19},"end":{"line":12,"column":null}},"5":{"start":{"line":13,"column":15},"end":{"line":13,"column":null}},"6":{"start":{"line":14,"column":4},"end":{"line":14,"column":null}},"7":{"start":{"line":17,"column":8},"end":{"line":17,"column":null}},"8":{"start":{"line":17,"column":33},"end":{"line":17,"column":111}},"9":{"start":{"line":19,"column":8},"end":{"line":26,"column":null}},"10":{"start":{"line":20,"column":18},"end":{"line":20,"column":null}},"11":{"start":{"line":21,"column":18},"end":{"line":21,"column":null}},"12":{"start":{"line":22,"column":4},"end":{"line":24,"column":null}},"13":{"start":{"line":22,"column":21},"end":{"line":22,"column":null}},"14":{"start":{"line":22,"column":42},"end":{"line":24,"column":null}},"15":{"start":{"line":23,"column":26},"end":{"line":23,"column":null}},"16":{"start":{"line":24,"column":9},"end":{"line":24,"column":null}},"17":{"start":{"line":25,"column":4},"end":{"line":25,"column":null}},"18":{"start":{"line":28,"column":8},"end":{"line":31,"column":null}},"19":{"start":{"line":29,"column":19},"end":{"line":29,"column":null}},"20":{"start":{"line":30,"column":4},"end":{"line":30,"column":null}},"21":{"start":{"line":34,"column":2},"end":{"line":38,"column":null}},"22":{"start":{"line":35,"column":4},"end":{"line":35,"column":null}},"23":{"start":{"line":35,"column":26},"end":{"line":35,"column":null}},"24":{"start":{"line":36,"column":14},"end":{"line":36,"column":null}},"25":{"start":{"line":37,"column":4},"end":{"line":37,"column":null}},"26":{"start":{"line":40,"column":2},"end":{"line":52,"column":null}},"27":{"start":{"line":56,"column":33},"end":{"line":83,"column":null}},"28":{"start":{"line":57,"column":8},"end":{"line":57,"column":null}},"29":{"start":{"line":57,"column":47},"end":{"line":57,"column":60}},"30":{"start":{"line":58,"column":8},"end":{"line":58,"column":null}},"31":{"start":{"line":60,"column":2},"end":{"line":64,"column":null}},"32":{"start":{"line":61,"column":4},"end":{"line":63,"column":null}},"33":{"start":{"line":62,"column":6},"end":{"line":62,"column":null}},"34":{"start":{"line":66,"column":2},"end":{"line":66,"column":null}},"35":{"start":{"line":66,"column":40},"end":{"line":66,"column":null}},"36":{"start":{"line":69,"column":25},"end":{"line":69,"column":null}},"37":{"start":{"line":71,"column":2},"end":{"line":81,"column":null}},"38":{"start":{"line":74,"column":8},"end":{"line":79,"column":null}}},"fnMap":{"0":{"name":"(anonymous_0)","decl":{"start":{"line":6,"column":14},"end":{"line":6,"column":15}},"loc":{"start":{"line":6,"column":104},"end":{"line":54,"column":null}},"line":6},"1":{"name":"(anonymous_1)","decl":{"start":{"line":10,"column":31},"end":{"line":10,"column":37}},"loc":{"start":{"line":10,"column":37},"end":{"line":15,"column":5}},"line":10},"2":{"name":"(anonymous_2)","decl":{"start":{"line":17,"column":27},"end":{"line":17,"column":33}},"loc":{"start":{"line":17,"column":33},"end":{"line":17,"column":111}},"line":17},"3":{"name":"(anonymous_3)","decl":{"start":{"line":19,"column":24},"end":{"line":19,"column":30}},"loc":{"start":{"line":19,"column":30},"end":{"line":26,"column":5}},"line":19},"4":{"name":"(anonymous_4)","decl":{"start":{"line":28,"column":24},"end":{"line":28,"column":30}},"loc":{"start":{"line":28,"column":30},"end":{"line":31,"column":5}},"line":28},"5":{"name":"(anonymous_5)","decl":{"start":{"line":34,"column":11},"end":{"line":34,"column":12}},"loc":{"start":{"line":34,"column":22},"end":{"line":38,"column":3}},"line":34},"6":{"name":"(anonymous_6)","decl":{"start":{"line":56,"column":33},"end":{"line":56,"column":39}},"loc":{"start":{"line":56,"column":39},"end":{"line":83,"column":null}},"line":56},"7":{"name":"(anonymous_7)","decl":{"start":{"line":57,"column":36},"end":{"line":57,"column":37}},"loc":{"start":{"line":57,"column":47},"end":{"line":57,"column":60}},"line":57},"8":{"name":"(anonymous_8)","decl":{"start":{"line":60,"column":11},"end":{"line":60,"column":12}},"loc":{"start":{"line":60,"column":25},"end":{"line":64,"column":3}},"line":60},"9":{"name":"(anonymous_9)","decl":{"start":{"line":73,"column":26},"end":{"line":73,"column":27}},"loc":{"start":{"line":74,"column":8},"end":{"line":79,"column":null}},"line":74}},"branchMap":{"0":{"loc":{"start":{"line":22,"column":4},"end":{"line":24,"column":null}},"type":"if","locations":[{"start":{"line":22,"column":4},"end":{"line":24,"column":null}},{"start":{"line":22,"column":42},"end":{"line":24,"column":null}}],"line":22},"1":{"loc":{"start":{"line":22,"column":42},"end":{"line":24,"column":null}},"type":"if","locations":[{"start":{"line":22,"column":42},"end":{"line":24,"column":null}},{"start":{"line":24,"column":9},"end":{"line":24,"column":null}}],"line":22},"2":{"loc":{"start":{"line":35,"column":4},"end":{"line":35,"column":null}},"type":"if","locations":[{"start":{"line":35,"column":4},"end":{"line":35,"column":null}},{"start":{},"end":{}}],"line":35},"3":{"loc":{"start":{"line":61,"column":4},"end":{"line":63,"column":null}},"type":"if","locations":[{"start":{"line":61,"column":4},"end":{"line":63,"column":null}},{"start":{},"end":{}}],"line":61},"4":{"loc":{"start":{"line":66,"column":2},"end":{"lin
[...]
,"/app/src/stores/usePredictionStore.ts": {"path":"/app/src/stores/usePredictionStore.ts","statementMap":{"0":{"start":{"line":11,"column":13},"end":{"line":18,"column":null}},"1":{"start":{"line":11,"column":68},"end":{"line":18,"column":2}},"2":{"start":{"line":17,"column":4},"end":{"line":17,"column":null}}},"fnMap":{"0":{"name":"(anonymous_0)","decl":{"start":{"line":11,"column":58},"end":{"line":11,"column":59}},"loc":{"start":{"line":11,"column":68},"end":{"line":18,"column":2}},"line":11},"1":{"name":"(anonymous_1)","decl":{"start":{"line":16,"column":17},"end":{"line":16,"column":18}},"loc":{"start":{"line":17,"column":4},"end":{"line":17,"column":null}},"line":17}},"branchMap":{},"s":{"0":2,"1":2,"2":4},"f":{"0":2,"1":4},"b":{},"meta":{"lastBranch":0,"lastFunction":2,"lastStatement":3,"seen":{"s:11:13:18:Infinity":0,"f:11:58:11:59":0,"s:11:68:18:2":1,"f:16:17:16:18":1,"s:17:4:17:Infinity":2}}}
,"/app/src/stores/useResonanceStore.ts": {"path":"/app/src/stores/useResonanceStore.ts","statementMap":{"0":{"start":{"line":13,"column":13},"end":{"line":25,"column":null}},"1":{"start":{"line":13,"column":66},"end":{"line":25,"column":2}},"2":{"start":{"line":17,"column":4},"end":{"line":19,"column":null}},"3":{"start":{"line":17,"column":20},"end":{"line":19,"column":6}},"4":{"start":{"line":21,"column":4},"end":{"line":23,"column":null}},"5":{"start":{"line":21,"column":20},"end":{"line":23,"column":6}},"6":{"start":{"line":24,"column":34},"end":{"line":24,"column":null}}},"fnMap":{"0":{"name":"(anonymous_0)","decl":{"start":{"line":13,"column":56},"end":{"line":13,"column":57}},"loc":{"start":{"line":13,"column":66},"end":{"line":25,"column":2}},"line":13},"1":{"name":"(anonymous_1)","decl":{"start":{"line":16,"column":13},"end":{"line":16,"column":14}},"loc":{"start":{"line":17,"column":4},"end":{"line":19,"column":null}},"line":17},"2":{"name":"(anonymous_2)","decl":{"start":{"line":17,"column":8},"end":{"line":17,"column":9}},"loc":{"start":{"line":17,"column":20},"end":{"line":19,"column":6}},"line":17},"3":{"name":"(anonymous_3)","decl":{"start":{"line":20,"column":15},"end":{"line":20,"column":null}},"loc":{"start":{"line":21,"column":4},"end":{"line":23,"column":null}},"line":21},"4":{"name":"(anonymous_4)","decl":{"start":{"line":21,"column":8},"end":{"line":21,"column":9}},"loc":{"start":{"line":21,"column":20},"end":{"line":23,"column":6}},"line":21},"5":{"name":"(anonymous_5)","decl":{"start":{"line":24,"column":16},"end":{"line":24,"column":17}},"loc":{"start":{"line":24,"column":34},"end":{"line":24,"column":null}},"line":24}},"branchMap":{},"s":{"0":7,"1":7,"2":6,"3":6,"4":3,"5":3,"6":2},"f":{"0":7,"1":6,"2":6,"3":3,"4":3,"5":2},"b":{},"meta":{"lastBranch":0,"lastFunction":6,"lastStatement":7,"seen":{"s:13:13:25:Infinity":0,"f:13:56:13:57":0,"s:13:66:25:2":1,"f:16:13:16:14":1,"s:17:4:19:Infinity":2,"f:17:8:17:9":2,"s:17:20:19:6":3,"f:20:15:20:Infinity":3,"s:21:4:23:Infinity":4,"f:21:8:21:9":4,"s:21:20:23:6":5,"f:24:16:24:17":5,"s:24:34:24:Infinity":6}}}
,"/app/src/stores/useRespirationStore.ts": {"path":"/app/src/stores/useRespirationStore.ts","statementMap":{"0":{"start":{"line":3,"column":27},"end":{"line":8,"column":null}},"1":{"start":{"line":26,"column":62},"end":{"line":45,"column":null}},"2":{"start":{"line":60,"column":13},"end":{"line":74,"column":null}},"3":{"start":{"line":60,"column":70},"end":{"line":74,"column":2}},"4":{"start":{"line":66,"column":22},"end":{"line":66,"column":null}},"5":{"start":{"line":66,"column":38},"end":{"line":66,"column":68}},"6":{"start":{"line":67,"column":26},"end":{"line":67,"column":null}},"7":{"start":{"line":69,"column":4},"end":{"line":71,"column":null}},"8":{"start":{"line":70,"column":6},"end":{"line":70,"column":null}},"9":{"start":{"line":73,"column":23},"end":{"line":73,"column":null}}},"fnMap":{"0":{"name":"(anonymous_0)","decl":{"start":{"line":60,"column":60},"end":{"line":60,"column":61}},"loc":{"start":{"line":60,"column":70},"end":{"line":74,"column":2}},"line":60},"1":{"name":"(anonymous_1)","decl":{"start":{"line":66,"column":16},"end":{"line":66,"column":22}},"loc":{"start":{"line":66,"column":22},"end":{"line":66,"column":null}},"line":66},"2":{"name":"(anonymous_2)","decl":{"start":{"line":66,"column":26},"end":{"line":66,"column":27}},"loc":{"start":{"line":66,"column":38},"end":{"line":66,"column":68}},"line":66},"3":{"name":"(anonymous_3)","decl":{"start":{"line":67,"column":16},"end":{"line":67,"column":17}},"loc":{"start":{"line":67,"column":26},"end":{"line":67,"column":null}},"line":67},"4":{"name":"(anonymous_4)","decl":{"start":{"line":68,"column":14},"end":{"line":68,"column":15}},"loc":{"start":{"line":68,"column":29},"end":{"line":72,"column":null}},"line":68},"5":{"name":"(anonymous_5)","decl":{"start":{"line":73,"column":12},"end":{"line":73,"column":13}},"loc":{"start":{"line":73,"column":23},"end":{"line":73,"column":null}},"line":73}},"branchMap":{"0":{"loc":{"start":{"line":69,"column":4},"end":{"line":71,"column":null}},"type":"if","locations":[{"start":{"line":69,"column":4},"end":{"line":71,"column":null}},{"start":{},"end":{}}],"line":69}},"s":{"0":4,"1":4,"2":4,"3":4,"4":8,"5":8,"6":5,"7":2,"8":1,"9":1},"f":{"0":4,"1":8,"2":8,"3":5,"4":2,"5":1},"b":{"0":[1,1]},"meta":{"lastBranch":1,"lastFunction":6,"lastStatement":10,"seen":{"s:3:27:8:Infinity":0,"s:26:62:45:Infinity":1,"s:60:13:74:Infinity":2,"f:60:60:60:61":0,"s:60:70:74:2":3,"f:66:16:66:22":1,"s:66:22:66:Infinity":4,"f:66:26:66:27":2,"s:66:38:66:68":5,"f:67:16:67:17":3,"s:67:26:67:Infinity":6,"f:68:14:68:15":4,"b:69:4:71:Infinity:undefined:undefined:undefined:undefined":0,"s:69:4:71:Infinity":7,"s:70:6:70:Infinity":8,"f:73:12:73:13":5,"s:73:23:73:Infinity":9}}}
,"/app/src/stores/useSentinelStore.ts": {"path":"/app/src/stores/useSentinelStore.ts","statementMap":{"0":{"start":{"line":14,"column":13},"end":{"line":30,"column":null}},"1":{"start":{"line":14,"column":64},"end":{"line":30,"column":2}},"2":{"start":{"line":18,"column":29},"end":{"line":24,"column":null}},"3":{"start":{"line":19,"column":4},"end":{"line":19,"column":null}},"4":{"start":{"line":19,"column":43},"end":{"line":19,"column":null}},"5":{"start":{"line":20,"column":4},"end":{"line":23,"column":null}},"6":{"start":{"line":26,"column":15},"end":{"line":29,"column":null}}},"fnMap":{"0":{"name":"(anonymous_0)","decl":{"start":{"line":14,"column":54},"end":{"line":14,"column":55}},"loc":{"start":{"line":14,"column":64},"end":{"line":30,"column":2}},"line":14},"1":{"name":"(anonymous_1)","decl":{"start":{"line":18,"column":15},"end":{"line":18,"column":16}},"loc":{"start":{"line":18,"column":29},"end":{"line":24,"column":null}},"line":18},"2":{"name":"(anonymous_2)","decl":{"start":{"line":18,"column":33},"end":{"line":18,"column":34}},"loc":{"start":{"line":18,"column":44},"end":{"line":24,"column":3}},"line":18},"3":{"name":"(anonymous_3)","decl":{"start":{"line":26,"column":9},"end":{"line":26,"column":15}},"loc":{"start":{"line":26,"column":15},"end":{"line":29,"column":null}},"line":26}},"branchMap":{"0":{"loc":{"start":{"line":19,"column":4},"end":{"line":19,"column":null}},"type":"if","locations":[{"start":{"line":19,"column":4},"end":{"line":19,"column":null}},{"start":{},"end":{}}],"line":19}},"s":{"0":3,"1":3,"2":3,"3":3,"4":1,"5":2,"6":7},"f":{"0":3,"1":3,"2":3,"3":7},"b":{"0":[1,2]},"meta":{"lastBranch":1,"lastFunction":4,"lastStatement":7,"seen":{"s:14:13:30:Infinity":0,"f:14:54:14:55":0,"s:14:64:30:2":1,"f:18:15:18:16":1,"s:18:29:24:Infinity":2,"f:18:33:18:34":2,"b:19:4:19:Infinity:undefined:undefined:undefined:undefined":0,"s:19:4:19:Infinity":3,"s:19:43:19:Infinity":4,"s:20:4:23:Infinity":5,"f:26:9:26:15":3,"s:26:15:29:Infinity":6}}}
,"/app/src/stores/useTelemetryStore.ts": {"path":"/app/src/stores/useTelemetryStore.ts","statementMap":{"0":{"start":{"line":27,"column":20},"end":{"line":27,"column":null}},"1":{"start":{"line":29,"column":26},"end":{"line":38,"column":null}},"2":{"start":{"line":30,"column":2},"end":{"line":30,"column":null}},"3":{"start":{"line":30,"column":37},"end":{"line":30,"column":null}},"4":{"start":{"line":31,"column":2},"end":{"line":37,"column":null}},"5":{"start":{"line":32,"column":17},"end":{"line":32,"column":null}},"6":{"start":{"line":33,"column":4},"end":{"line":33,"column":null}},"7":{"start":{"line":35,"column":4},"end":{"line":35,"column":null}},"8":{"start":{"line":36,"column":4},"end":{"line":36,"column":null}},"9":{"start":{"line":40,"column":13},"end":{"line":111,"column":null}},"10":{"start":{"line":40,"column":71},"end":{"line":111,"column":2}},"11":{"start":{"line":47,"column":4},"end":{"line":55,"column":null}},"12":{"start":{"line":48,"column":6},"end":{"line":48,"column":null}},"13":{"start":{"line":48,"column":30},"end":{"line":48,"column":null}},"14":{"start":{"line":49,"column":6},"end":{"line":54,"column":null}},"15":{"start":{"line":58,"column":4},"end":{"line":66,"column":null}},"16":{"start":{"line":59,"column":8},"end":{"line":59,"column":null}},"17":{"start":{"line":59,"column":32},"end":{"line":59,"column":null}},"18":{"start":{"line":60,"column":8},"end":{"line":65,"column":null}},"19":{"start":{"line":69,"column":4},"end":{"line":69,"column":null}},"20":{"start":{"line":69,"column":20},"end":{"line":69,"column":56}},"21":{"start":{"line":72,"column":4},"end":{"line":72,"column":null}},"22":{"start":{"line":75,"column":4},"end":{"line":75,"column":null}},"23":{"start":{"line":78,"column":37},"end":{"line":78,"column":null}},"24":{"start":{"line":79,"column":4},"end":{"line":79,"column":null}},"25":{"start":{"line":79,"column":34},"end":{"line":79,"column":null}},"26":{"start":{"line":81,"column":22},"end":{"line":81,"column":null}},"27":{"start":{"line":82,"column":20},"end":{"line":82,"column":null}},"28":{"start":{"line":83,"column":21},"end":{"line":83,"column":null}},"29":{"start":{"line":85,"column":26},"end":{"line":85,"column":null}},"30":{"start":{"line":85,"column":60},"end":{"line":85,"column":78}},"31":{"start":{"line":86,"column":27},"end":{"line":86,"column":null}},"32":{"start":{"line":88,"column":36},"end":{"line":94,"column":null}},"33":{"start":{"line":96,"column":23},"end":{"line":96,"column":null}},"34":{"start":{"line":98,"column":4},"end":{"line":101,"column":null}},"35":{"start":{"line":103,"column":4},"end":{"line":109,"column":null}},"36":{"start":{"line":104,"column":6},"end":{"line":108,"column":null}},"37":{"start":{"line":105,"column":8},"end":{"line":105,"column":null}},"38":{"start":{"line":107,"column":8},"end":{"line":107,"column":null}}},"fnMap":{"0":{"name":"(anonymous_0)","decl":{"start":{"line":29,"column":26},"end":{"line":29,"column":50}},"loc":{"start":{"line":29,"column":50},"end":{"line":38,"column":null}},"line":29},"1":{"name":"(anonymous_1)","decl":{"start":{"line":40,"column":56},"end":{"line":40,"column":57}},"loc":{"start":{"line":40,"column":71},"end":{"line":111,"column":2}},"line":40},"2":{"name":"(anonymous_2)","decl":{"start":{"line":46,"column":13},"end":{"line":46,"column":14}},"loc":{"start":{"line":47,"column":4},"end":{"line":55,"column":null}},"line":47},"3":{"name":"(anonymous_3)","decl":{"start":{"line":47,"column":8},"end":{"line":47,"column":9}},"loc":{"start":{"line":47,"column":19},"end":{"line":55,"column":5}},"line":47},"4":{"name":"(anonymous_4)","decl":{"start":{"line":57,"column":12},"end":{"line":57,"column":13}},"loc":{"start":{"line":58,"column":4},"end":{"line":66,"column":null}},"line":58},"5":{"name":"(anonymous_5)","decl":{"start":{"line":58,"column":8},"end":{"line":58,"column":9}},"loc":{"start":{"line":58,"column":19},"end":{"line":66,"column":5}},"line":58},"6":{"name":"(anonymous_6)","decl":{"start":{"line":68,"column":19},"end":{"line":68,"column":null}},"loc":{"start":{"line":69,"column":4},"end":{"line":69,"column":null}},"line":69},"7":{"name":"(anonymous_7)","decl":{"start":{"line":69,"column":8},"end":{"line":69,"column":9}},"loc":{"start":{"line":69,"column":20},"end":{"line":69,"column":56}},"line":69},"8":{"name":"(anonymous_8)","decl":{"start":{"line":71,"column":18},"end":{"line":71,"column":19}},"loc":{"start":{"line":72,"column":4},"end":{"line":72,"column":null}},"line":72},"9":{"name":"(anonymous_9)","decl":{"start":{"line":74,"column":16},"end":{"line":74,"column":null}},"loc":{"start":{"line":75,"column":4},"end":{"line":75,"column":null}},"line":75},"10":{"name":"(anonymous_10)","decl":{"start":{"line":77,"column":18},"end":{"line":77,"column":24}},"loc":{"start":{"line":77,"column":24},"end":{"line":110,"column":null}},"line":77},"11":{"name":"(anonymous_11)","decl":{"start":{"line":85,"column":45},"end":{"line":85,"column":46}},"loc":{"start":{"line":85,"column":60},"end":{"line":85,"column":78}},"line":85}},"branchMap":{"0":{"loc":{"start":{"line":30,"column":2},"end":{"line":30,"column":null}},"type":"if","locations":[{"start":{"line":30,"column":2},"end":{"line":30,"column":null}},{"start":{},"end":{}}],"line":30},"1":{"loc":{"start":{"line":33,"column":11},"end":{"line":33,"column":null}},"type":"cond-expr","locations":[{"start":{"line":33,"column":18},"end":{"line":33,"column":37}},{"start":{"line":33,"column":37},"end":{"line":33,"column":null}}],"line":33},"2":{"loc":{"start":{"line":48,"column":6},"end":{"line":48,"column":null}},"type":"if","locations":[{"start":{"line":48,"column":6},"end":{"line":48,"column":null}},{"start":{},"end":{}}],"line":48},"3":{"loc":{"start":{"line":59,"column":8},"end":{"line":59,"column":null}},"type":"if","locations":[{"start":{"line":59,"column":8},"end":{"line":59,"column":null}},{"start":{},"end":{}}],"line":59},"4":{"loc":{"start":{"line":79,"column":4},"end":{"line":79,"column":null}},"type":"if","locations":[{"start":{"line":79,"column":4},"end":{"line":79,"column":null}},{"start":{},"end":{}}],"line":79},"5":{"loc":{"start":{"line":103,"column":4},"end":{"line":109,"column":null}},"type":"if","locations":[{"start":{"line":103,"column":4},"end":{"line":109,"column":null}},{"start":{},"end":{}}],"line":103}},"s":{"0":3,"1":3,"2":3,"3":0,"4":3,"5":3,"6":3,"7":0,"8":0,"9":3,"10":3,"11":9,"12":9,"13":1,"14":8,"15":2,"16":2,"17":0,"18":2,"19":1,"20":1,"21":0,"22":1,"23":3,"24":3,"25":1,"26":2,"27":2,"28":2,"29":2,"30":4,"31":2,"32":2,"33":2,"34":2,"35":2,"36":2,"37":2,"38":0},"f":{"0":3,"1":3,"2":9,"3":9,"4":2,"5":2,"6":1,"7":1,"8":0,"9":1,"10":3,"11":4},"b":{"0":[0,3],"1":[0,3],"2":[1,8],"3":[0,2],"4":[1,2],"5":[2,0]},"meta":{"lastBranch":6,"lastFunction":12,"lastStatement":39,"seen":{"s:27:20:27:Infinity":0,"s:29:26:38:Infinity":1,"f:29:26:29:50":0,"b:30:2:30:Infinity:undefined:undefined:undefined:undefined":0,"s:30:2:30:Infinity":2,"s:30:37:30:Infinity":3,"s:31:2:37:Infinity":4,"s:32:17:32:Infinity":5,"s:33:4:33:Infinity":6,"b:33:18:33:37:33:37:33:Infinity":1,"s:35:4:35:Infinity":7,"s:36:4:36:Infinity":8,"s:40:13:111:Infinity":9,"f:40:56:40:57":1,"s:40:71:111:2":10,"f:46:13:46:14":2,"s:47:4:55:Infinity":11,"f:47:8:47:9":3,"b:48:6:48:Infinity:undefined:undefined:undefined:undefined":2,"s:48:6:48:Infinity":12,"s:48:30:48:Infinity":13,"s:49:6:54:Infinity":14,"f:57:12:57:13":4,"s:58:4:66:Infinity":15,"f:58:8:58:9":5,"b:59:8:59:Infinity:undefined:undefined:undefined:undefined":3,"s:59:8:59:Infinity":16,"s:59:32:59:Infinity":17,"s:60:8:65:Infinity":18,"f:68:19:68:Infinity":6,"s:69:4:69:Infinity":19,"f:69:8:69:9":7,"s:69:20:69:56":20,"f:71:18:71:19":8,"s:72:4:72:Infinity":21,"f:74:16:74:Infinity":9,"s:75:4:75:Infinity":22,"f:77:18:77:24":10,"s:78:37:78:Infinity":23,"b:79:4:79:Infinity:undefined:undefined:undefined:undefined":4,"s:79:4:79:Infinity":24,"s:79:34:79:Infinity":25,"s:81:22:81:Infinity":26,"s:82:20:82:Infinity":27,"s:83:21:83:Infinity":28,"s:85:26:85:Infinity":29,"f:85:45:85:46":11,"s:85:60:85:78":30,"s:86:27:86:Infinity":31,"s:88:36:94:Infinity":32,"s:96:23:96:Infinity":33,"s:98:4:101:Infinity":34,"b:103:4:109:Infinity:undefined:undefined:undefined:undefined":5,"s:103:4:109:Infinity":35,"s:104:6:108:Infinity":36,"s:105:8:105:Infinity":37,"s:107:8:107:Infinity":38}}}
,"/app/src/stores/useTimeStore.ts": {"path":"/app/src/stores/useTimeStore.ts","statementMap":{"0":{"start":{"line":11,"column":31},"end":{"line":18,"column":null}},"1":{"start":{"line":12,"column":15},"end":{"line":12,"column":null}},"2":{"start":{"line":14,"column":2},"end":{"line":14,"column":null}},"3":{"start":{"line":14,"column":69},"end":{"line":14,"column":null}},"4":{"start":{"line":15,"column":2},"end":{"line":15,"column":null}},"5":{"start":{"line":15,"column":67},"end":{"line":15,"column":null}},"6":{"start":{"line":16,"column":2},"end":{"line":16,"column":null}},"7":{"start":{"line":16,"column":69},"end":{"line":16,"column":null}},"8":{"start":{"line":17,"column":2},"end":{"line":17,"column":null}},"9":{"start":{"line":20,"column":13},"end":{"line":25,"column":null}},"10":{"start":{"line":20,"column":56},"end":{"line":25,"column":2}},"11":{"start":{"line":23,"column":4},"end":{"line":23,"column":null}}},"fnMap":{"0":{"name":"(anonymous_0)","decl":{"start":{"line":11,"column":31},"end":{"line":11,"column":32}},"loc":{"start":{"line":11,"column":71},"end":{"line":18,"column":null}},"line":11},"1":{"name":"(anonymous_1)","decl":{"start":{"line":20,"column":46},"end":{"line":20,"column":47}},"loc":{"start":{"line":20,"column":56},"end":{"line":25,"column":2}},"line":20},"2":{"name":"(anonymous_2)","decl":{"start":{"line":22,"column":15},"end":{"line":22,"column":21}},"loc":{"start":{"line":22,"column":21},"end":{"line":24,"column":null}},"line":22}},"branchMap":{"0":{"loc":{"start":{"line":11,"column":32},"end":{"line":11,"column":71}},"type":"default-arg","locations":[{"start":{"line":11,"column":45},"end":{"line":11,"column":71}}],"line":11},"1":{"loc":{"start":{"line":14,"column":2},"end":{"line":14,"column":null}},"type":"if","locations":[{"start":{"line":14,"column":2},"end":{"line":14,"column":null}},{"start":{},"end":{}}],"line":14},"2":{"loc":{"start":{"line":14,"column":6},"end":{"line":14,"column":69}},"type":"binary-expr","locations":[{"start":{"line":14,"column":6},"end":{"line":14,"column":40}},{"start":{"line":14,"column":40},"end":{"line":14,"column":69}}],"line":14},"3":{"loc":{"start":{"line":15,"column":2},"end":{"line":15,"column":null}},"type":"if","locations":[{"start":{"line":15,"column":2},"end":{"line":15,"column":null}},{"start":{},"end":{}}],"line":15},"4":{"loc":{"start":{"line":15,"column":6},"end":{"line":15,"column":67}},"type":"binary-expr","locations":[{"start":{"line":15,"column":6},"end":{"line":15,"column":39}},{"start":{"line":15,"column":39},"end":{"line":15,"column":67}}],"line":15},"5":{"loc":{"start":{"line":16,"column":2},"end":{"line":16,"column":null}},"type":"if","locations":[{"start":{"line":16,"column":2},"end":{"line":16,"column":null}},{"start":{},"end":{}}],"line":16},"6":{"loc":{"start":{"line":16,"column":6},"end":{"line":16,"column":69}},"type":"binary-expr","locations":[{"start":{"line":16,"column":6},"end":{"line":16,"column":40}},{"start":{"line":16,"column":40},"end":{"line":16,"column":69}}],"line":16}},"s":{"0":1,"1":8,"2":8,"3":1,"4":7,"5":3,"6":4,"7":1,"8":3,"9":1,"10":1,"11":2},"f":{"0":8,"1":1,"2":2},"b":{"0":[8],"1":[1,7],"2":[8,7],"3":[3,4],"4":[7,6],"5":[1,3],"6":[4,3]},"meta":{"lastBranch":7,"lastFunction":3,"lastStatement":12,"seen":{"s:11:31:18:Infinity":0,"f:11:31:11:32":0,"b:11:45:11:71":0,"s:12:15:12:Infinity":1,"b:14:2:14:Infinity:undefined:undefined:undefined:undefined":1,"s:14:2:14:Infinity":2,"b:14:6:14:40:14:40:14:69":2,"s:14:69:14:Infinity":3,"b:15:2:15:Infinity:undefined:undefined:undefined:undefined":3,"s:15:2:15:Infinity":4,"b:15:6:15:39:15:39:15:67":4,"s:15:67:15:Infinity":5,"b:16:2:16:Infinity:undefined:undefined:undefined:undefined":5,"s:16:2:16:Infinity":6,"b:16:6:16:40:16:40:16:69":6,"s:16:69:16:Infinity":7,"s:17:2:17:Infinity":8,"s:20:13:25:Infinity":9,"f:20:46:20:47":1,"s:20:56:25:2":10,"f:22:15:22:21":2,"s:23:4:23:Infinity":11}}}
}
